2026-01-29 21:19:29 INFO  DigidakExportOperation - ====================================================================================================
2026-01-29 21:19:29 INFO  DigidakExportOperation - Starting Digidak Export Operation
2026-01-29 21:19:29 INFO  DigidakExportOperation - Repository: NABARDUAT
2026-01-29 21:19:29 INFO  DigidakExportOperation - User: dmadmin
2026-01-29 21:19:29 INFO  DigidakExportOperation - Where Clause: DATETOSTRING("r_creation_date", 'yyyy')='2017'
2026-01-29 21:19:29 INFO  DigidakExportOperation - Export Path: C:/DigidakMigration/UAT Export Digidak
2026-01-29 21:19:29 INFO  DigidakExportOperation - Thread Count: 10
2026-01-29 21:19:29 INFO  DigidakExportOperation - Timeout (Hours): 24
2026-01-29 21:19:29 INFO  DigidakExportOperation - ====================================================================================================
2026-01-29 21:19:29 INFO  DigidakExportOperation - Created export directory: C:\DigidakMigration\UAT Export Digidak
2026-01-29 21:19:30 INFO  JKSKeystoreUtilForDfc - keystore file name is D:\MigrationUtil\DigidakMigration\target\classes\dfc.keystore
2026-01-29 21:19:30 INFO  InitializeKeystoreForDfc - [DFC_SECURITY_IDENTITY_LOADED] Loaded identity from keystore, DFC alias=dfc, identity=dfc_kOX9LtlEqM9osUejU0w2ecU7tb4a
2026-01-29 21:19:30 INFO  AuthenticationMgrForDfc - identity for authentication is dfc_kOX9LtlEqM9osUejU0w2ecU7tb4a
2026-01-29 21:19:30 INFO  RuntimeContext - DFC Version is 21.4.0000.0147
2026-01-29 21:19:30 INFO  ClassCacheManager$CacheCleanupTask - [DFC_BOF_RUNNING_CLEANUP] Running class cache cleanup task
2026-01-29 21:19:33 WARN  ModuleManager - [DFC_BOF_COULDNT_CONNECT_TO_REGISTRY] Unable to connect to module registry, docbase name NABARDUAT username dm_bof_registry.
com.documentum.fc.client.DfDocbrokerException: [DFC_DOCBROKER_REQUEST_FAILED] Request to Docbroker "NABARD:1489" failed
	at com.documentum.fc.client.DfDocbrokerException.newRequestFailedException(DfDocbrokerException.java:13) ~[dfc.jar:?]
	at com.documentum.fc.client.impl.connection.docbroker.DocbrokerConnection.<init>(DocbrokerConnection.java:30) ~[dfc.jar:?]
	at com.documentum.fc.client.impl.connection.docbroker.DocbrokerConnectionFactory.newDocbrokerConnection(DocbrokerConnectionFactory.java:27) ~[dfc.jar:?]
	at com.documentum.fc.client.impl.docbroker.MapBuilder.issueRequest(MapBuilder.java:27) ~[dfc.jar:?]
	at com.documentum.fc.client.impl.docbroker.ServerMapBuilder.getDataFromDocbroker(ServerMapBuilder.java:169) ~[dfc.jar:?]
	at com.documentum.fc.client.impl.docbroker.ServerMapBuilder.getMap(ServerMapBuilder.java:61) ~[dfc.jar:?]
	at com.documentum.fc.client.impl.docbroker.DocbrokerClient.getServerMap(DocbrokerClient.java:152) ~[dfc.jar:?]
	at com.documentum.fc.client.impl.connection.docbase.ServerChoiceManager.updateServerChoices(ServerChoiceManager.java:159) ~[dfc.jar:?]
	at com.documentum.fc.client.impl.connection.docbase.ServerChoiceManager.updateServerChoicesIfNecessary(ServerChoiceManager.java:148) ~[dfc.jar:?]
	at com.documentum.fc.client.impl.connection.docbase.ServerChoiceManager.getServerChoices(ServerChoiceManager.java:47) ~[dfc.jar:?]
	at com.documentum.fc.client.impl.connection.docbase.DocbaseConnection.getServerChoices(DocbaseConnection.java:285) ~[dfc.jar:?]
	at com.documentum.fc.client.impl.connection.docbase.DocbaseConnection.establishNewRpcClient(DocbaseConnection.java:239) ~[dfc.jar:?]
	at com.documentum.fc.client.impl.connection.docbase.DocbaseConnection.open(DocbaseConnection.java:138) ~[dfc.jar:?]
	at com.documentum.fc.client.impl.connection.docbase.DocbaseConnection.<init>(DocbaseConnection.java:112) ~[dfc.jar:?]
	at com.documentum.fc.client.impl.connection.docbase.DocbaseConnection.<init>(DocbaseConnection.java:72) ~[dfc.jar:?]
	at com.documentum.fc.client.impl.connection.docbase.DocbaseConnectionFactory.newDocbaseConnection(DocbaseConnectionFactory.java:32) ~[dfc.jar:?]
	at com.documentum.fc.client.impl.connection.docbase.DocbaseConnectionManager.createNewConnection(DocbaseConnectionManager.java:202) ~[dfc.jar:?]
	at com.documentum.fc.client.impl.connection.docbase.DocbaseConnectionManager.getDocbaseConnection(DocbaseConnectionManager.java:132) ~[dfc.jar:?]
	at com.documentum.fc.client.impl.session.SessionFactory.newSession(SessionFactory.java:24) ~[dfc.jar:?]
	at com.documentum.fc.client.impl.session.PrincipalAwareSessionFactory.newSession(PrincipalAwareSessionFactory.java:44) ~[dfc.jar:?]
	at com.documentum.fc.client.impl.session.PooledSessionFactory.newSession(PooledSessionFactory.java:49) ~[dfc.jar:?]
	at com.documentum.fc.client.impl.session.SessionManager.getSessionFromFactory(SessionManager.java:106) ~[dfc.jar:?]
	at com.documentum.fc.client.impl.session.SessionManager.newSession(SessionManager.java:281) ~[dfc.jar:?]
	at com.documentum.fc.client.impl.session.SessionManager.newSession(SessionManager.java:68) ~[dfc.jar:?]
	at com.documentum.fc.client.impl.session.SessionManager.getSession(SessionManager.java:190) ~[dfc.jar:?]
	at com.documentum.fc.client.impl.bof.classmgmt.ModuleManager.connect(ModuleManager.java:402) [dfc.jar:?]
	at com.documentum.fc.client.impl.bof.classmgmt.ModuleManager.init(ModuleManager.java:357) [dfc.jar:?]
	at com.documentum.fc.client.impl.bof.classmgmt.ModuleManager.getInstance(ModuleManager.java:43) [dfc.jar:?]
	at com.documentum.fc.client.security.impl.DfcIdentityPublisher.<init>(DfcIdentityPublisher.java:44) [dfc.jar:?]
	at com.documentum.fc.client.security.internal.RegistrationMgr.register(RegistrationMgr.java:34) [dfc.jar:?]
	at com.documentum.fc.impl.RuntimeContext.<clinit>(RuntimeContext.java:205) [dfc.jar:?]
	at com.documentum.fc.client.DfClient.<clinit>(DfClient.java:792) [dfc.jar:?]
	at com.nabard.digidak.migration.DocumentumSessionManager.initSessionManager(DocumentumSessionManager.java:35) [classes/:?]
	at com.nabard.digidak.migration.DigidakExportOperation.main(DigidakExportOperation.java:538) [classes/:?]
Caused by: com.documentum.fc.client.DfIOException: [DM_SESSION_E_RPC_ERROR]error:  "Server communication failure"
	at com.documentum.fc.client.DfIOException.newCommunicationFailureException(DfIOException.java:16) ~[dfc.jar:?]
	at com.documentum.fc.client.impl.connection.docbroker.netwise.NetwiseDocbrokerRpcClientFactory.newDocbrokerRpcClient(NetwiseDocbrokerRpcClientFactory.java:44) ~[dfc.jar:?]
	at com.documentum.fc.client.impl.connection.docbroker.DocbrokerConnection.<init>(DocbrokerConnection.java:25) ~[dfc.jar:?]
	... 32 more
Caused by: java.io.IOException: NABARD
	at com.documentum.fc.client.impl.connection.docbroker.netwise.NetwiseDocbrokerRpcClientFactory.resolveHostNameCorrectly(NetwiseDocbrokerRpcClientFactory.java:362) ~[dfc.jar:?]
	at com.documentum.fc.client.impl.connection.docbroker.netwise.NetwiseDocbrokerRpcClientFactory.connect(NetwiseDocbrokerRpcClientFactory.java:125) ~[dfc.jar:?]
	at com.documentum.fc.client.impl.connection.docbroker.netwise.NetwiseDocbrokerRpcClientFactory.openSocket(NetwiseDocbrokerRpcClientFactory.java:105) ~[dfc.jar:?]
	at com.documentum.fc.client.impl.connection.docbroker.netwise.NetwiseDocbrokerRpcClientFactory.newDocbrokerRpcClient(NetwiseDocbrokerRpcClientFactory.java:40) ~[dfc.jar:?]
	at com.documentum.fc.client.impl.connection.docbroker.DocbrokerConnection.<init>(DocbrokerConnection.java:25) ~[dfc.jar:?]
	... 32 more
2026-01-29 21:19:33 WARN  RegistrationMgr - [DFC_SECURITY_GR_PUBLICATION_FAILED] Publication of DFC instance with global registry failed
com.documentum.fc.common.DfException: [DFC_BOF_GLOBAL_REGISTRY_UNAVAILABLE] Unable to connect to the global registry no session
	at com.documentum.fc.client.security.impl.DfcIdentityPublisher.<init>(DfcIdentityPublisher.java:55) ~[dfc.jar:?]
	at com.documentum.fc.client.security.internal.RegistrationMgr.register(RegistrationMgr.java:34) [dfc.jar:?]
	at com.documentum.fc.impl.RuntimeContext.<clinit>(RuntimeContext.java:205) [dfc.jar:?]
	at com.documentum.fc.client.DfClient.<clinit>(DfClient.java:792) [dfc.jar:?]
	at com.nabard.digidak.migration.DocumentumSessionManager.initSessionManager(DocumentumSessionManager.java:35) [classes/:?]
	at com.nabard.digidak.migration.DigidakExportOperation.main(DigidakExportOperation.java:538) [classes/:?]
2026-01-29 21:19:33 INFO  DocumentumSessionManager - Session Manager initialized for repository: NABARDUAT
2026-01-29 21:19:33 ERROR DigidakExportOperation - Digidak Export operation failed
com.documentum.fc.client.DfDocbrokerException: [DFC_DOCBROKER_REQUEST_FAILED] Request to Docbroker "NABARD:1489" failed
	at com.documentum.fc.client.DfDocbrokerException.newRequestFailedException(DfDocbrokerException.java:13) ~[dfc.jar:?]
	at com.documentum.fc.client.impl.connection.docbroker.DocbrokerConnection.<init>(DocbrokerConnection.java:30) ~[dfc.jar:?]
	at com.documentum.fc.client.impl.connection.docbroker.DocbrokerConnectionFactory.newDocbrokerConnection(DocbrokerConnectionFactory.java:27) ~[dfc.jar:?]
	at com.documentum.fc.client.impl.docbroker.MapBuilder.issueRequest(MapBuilder.java:27) ~[dfc.jar:?]
	at com.documentum.fc.client.impl.docbroker.ServerMapBuilder.getDataFromDocbroker(ServerMapBuilder.java:169) ~[dfc.jar:?]
	at com.documentum.fc.client.impl.docbroker.ServerMapBuilder.getMap(ServerMapBuilder.java:61) ~[dfc.jar:?]
	at com.documentum.fc.client.impl.docbroker.DocbrokerClient.getServerMap(DocbrokerClient.java:152) ~[dfc.jar:?]
	at com.documentum.fc.client.impl.connection.docbase.ServerChoiceManager.updateServerChoices(ServerChoiceManager.java:159) ~[dfc.jar:?]
	at com.documentum.fc.client.impl.connection.docbase.ServerChoiceManager.updateServerChoicesIfNecessary(ServerChoiceManager.java:148) ~[dfc.jar:?]
	at com.documentum.fc.client.impl.connection.docbase.ServerChoiceManager.getServerChoices(ServerChoiceManager.java:47) ~[dfc.jar:?]
	at com.documentum.fc.client.impl.connection.docbase.DocbaseConnection.getServerChoices(DocbaseConnection.java:285) ~[dfc.jar:?]
	at com.documentum.fc.client.impl.connection.docbase.DocbaseConnection.establishNewRpcClient(DocbaseConnection.java:239) ~[dfc.jar:?]
	at com.documentum.fc.client.impl.connection.docbase.DocbaseConnection.open(DocbaseConnection.java:138) ~[dfc.jar:?]
	at com.documentum.fc.client.impl.connection.docbase.DocbaseConnection.<init>(DocbaseConnection.java:112) ~[dfc.jar:?]
	at com.documentum.fc.client.impl.connection.docbase.DocbaseConnection.<init>(DocbaseConnection.java:72) ~[dfc.jar:?]
	at com.documentum.fc.client.impl.connection.docbase.DocbaseConnectionFactory.newDocbaseConnection(DocbaseConnectionFactory.java:32) ~[dfc.jar:?]
	at com.documentum.fc.client.impl.connection.docbase.DocbaseConnectionManager.createNewConnection(DocbaseConnectionManager.java:202) ~[dfc.jar:?]
	at com.documentum.fc.client.impl.connection.docbase.DocbaseConnectionManager.getDocbaseConnection(DocbaseConnectionManager.java:132) ~[dfc.jar:?]
	at com.documentum.fc.client.impl.session.SessionFactory.newSession(SessionFactory.java:24) ~[dfc.jar:?]
	at com.documentum.fc.client.impl.session.PrincipalAwareSessionFactory.newSession(PrincipalAwareSessionFactory.java:44) ~[dfc.jar:?]
	at com.documentum.fc.client.impl.session.PooledSessionFactory.newSession(PooledSessionFactory.java:49) ~[dfc.jar:?]
	at com.documentum.fc.client.impl.session.SessionManager.getSessionFromFactory(SessionManager.java:106) ~[dfc.jar:?]
	at com.documentum.fc.client.impl.session.SessionManager.newSession(SessionManager.java:281) ~[dfc.jar:?]
	at com.documentum.fc.client.impl.session.SessionManager.newSession(SessionManager.java:68) ~[dfc.jar:?]
	at com.documentum.fc.client.impl.session.SessionManager.getSession(SessionManager.java:190) ~[dfc.jar:?]
	at com.nabard.digidak.migration.DocumentumSessionManager.getSession(DocumentumSessionManager.java:58) ~[classes/:?]
	at com.nabard.digidak.migration.DigidakExportOperation.main(DigidakExportOperation.java:541) [classes/:?]
Caused by: com.documentum.fc.client.DfIOException: [DM_SESSION_E_RPC_ERROR]error:  "Server communication failure"
	at com.documentum.fc.client.DfIOException.newCommunicationFailureException(DfIOException.java:16) ~[dfc.jar:?]
	at com.documentum.fc.client.impl.connection.docbroker.netwise.NetwiseDocbrokerRpcClientFactory.newDocbrokerRpcClient(NetwiseDocbrokerRpcClientFactory.java:44) ~[dfc.jar:?]
	at com.documentum.fc.client.impl.connection.docbroker.DocbrokerConnection.<init>(DocbrokerConnection.java:25) ~[dfc.jar:?]
	... 25 more
Caused by: java.io.IOException: NABARD
	at com.documentum.fc.client.impl.connection.docbroker.netwise.NetwiseDocbrokerRpcClientFactory.resolveHostNameCorrectly(NetwiseDocbrokerRpcClientFactory.java:362) ~[dfc.jar:?]
	at com.documentum.fc.client.impl.connection.docbroker.netwise.NetwiseDocbrokerRpcClientFactory.connect(NetwiseDocbrokerRpcClientFactory.java:125) ~[dfc.jar:?]
	at com.documentum.fc.client.impl.connection.docbroker.netwise.NetwiseDocbrokerRpcClientFactory.openSocket(NetwiseDocbrokerRpcClientFactory.java:105) ~[dfc.jar:?]
	at com.documentum.fc.client.impl.connection.docbroker.netwise.NetwiseDocbrokerRpcClientFactory.newDocbrokerRpcClient(NetwiseDocbrokerRpcClientFactory.java:40) ~[dfc.jar:?]
	at com.documentum.fc.client.impl.connection.docbroker.DocbrokerConnection.<init>(DocbrokerConnection.java:25) ~[dfc.jar:?]
	... 25 more
2026-01-29 23:24:56 INFO  DigidakExportOperation - ====================================================================================================
2026-01-29 23:24:56 INFO  DigidakExportOperation - Starting Digidak Export Operation
2026-01-29 23:24:56 INFO  DigidakExportOperation - Repository: NABARDUAT
2026-01-29 23:24:56 INFO  DigidakExportOperation - User: dmadmin
2026-01-29 23:24:56 INFO  DigidakExportOperation - Where Clause: DATETOSTRING("r_creation_date", 'yyyy')='2017'
2026-01-29 23:24:56 INFO  DigidakExportOperation - Export Path: C:/DigidakMigration/UAT Export Digidak
2026-01-29 23:24:56 INFO  DigidakExportOperation - Thread Count: 10
2026-01-29 23:24:56 INFO  DigidakExportOperation - Timeout (Hours): 24
2026-01-29 23:24:56 INFO  DigidakExportOperation - ====================================================================================================
2026-01-29 23:24:57 INFO  JKSKeystoreUtilForDfc - keystore file name is D:\MigrationUtil\DigidakMigration\target\classes\dfc.keystore
2026-01-29 23:24:57 INFO  InitializeKeystoreForDfc - [DFC_SECURITY_IDENTITY_LOADED] Loaded identity from keystore, DFC alias=dfc, identity=dfc_kOX9LtlEqM9osUejU0w2ecU7tb4a
2026-01-29 23:24:57 INFO  AuthenticationMgrForDfc - identity for authentication is dfc_kOX9LtlEqM9osUejU0w2ecU7tb4a
2026-01-29 23:24:57 INFO  RuntimeContext - DFC Version is 21.4.0000.0147
2026-01-29 23:24:57 INFO  ClassCacheManager$CacheCleanupTask - [DFC_BOF_RUNNING_CLEANUP] Running class cache cleanup task
2026-01-29 23:25:00 WARN  ModuleManager - [DFC_BOF_COULDNT_CONNECT_TO_REGISTRY] Unable to connect to module registry, docbase name NABARDUAT username dm_bof_registry.
com.documentum.fc.client.DfDocbrokerException: [DFC_DOCBROKER_REQUEST_FAILED] Request to Docbroker "NABARD:1489" failed
	at com.documentum.fc.client.DfDocbrokerException.newRequestFailedException(DfDocbrokerException.java:13) ~[dfc.jar:?]
	at com.documentum.fc.client.impl.connection.docbroker.DocbrokerConnection.<init>(DocbrokerConnection.java:30) ~[dfc.jar:?]
	at com.documentum.fc.client.impl.connection.docbroker.DocbrokerConnectionFactory.newDocbrokerConnection(DocbrokerConnectionFactory.java:27) ~[dfc.jar:?]
	at com.documentum.fc.client.impl.docbroker.MapBuilder.issueRequest(MapBuilder.java:27) ~[dfc.jar:?]
	at com.documentum.fc.client.impl.docbroker.ServerMapBuilder.getDataFromDocbroker(ServerMapBuilder.java:169) ~[dfc.jar:?]
	at com.documentum.fc.client.impl.docbroker.ServerMapBuilder.getMap(ServerMapBuilder.java:61) ~[dfc.jar:?]
	at com.documentum.fc.client.impl.docbroker.DocbrokerClient.getServerMap(DocbrokerClient.java:152) ~[dfc.jar:?]
	at com.documentum.fc.client.impl.connection.docbase.ServerChoiceManager.updateServerChoices(ServerChoiceManager.java:159) ~[dfc.jar:?]
	at com.documentum.fc.client.impl.connection.docbase.ServerChoiceManager.updateServerChoicesIfNecessary(ServerChoiceManager.java:148) ~[dfc.jar:?]
	at com.documentum.fc.client.impl.connection.docbase.ServerChoiceManager.getServerChoices(ServerChoiceManager.java:47) ~[dfc.jar:?]
	at com.documentum.fc.client.impl.connection.docbase.DocbaseConnection.getServerChoices(DocbaseConnection.java:285) ~[dfc.jar:?]
	at com.documentum.fc.client.impl.connection.docbase.DocbaseConnection.establishNewRpcClient(DocbaseConnection.java:239) ~[dfc.jar:?]
	at com.documentum.fc.client.impl.connection.docbase.DocbaseConnection.open(DocbaseConnection.java:138) ~[dfc.jar:?]
	at com.documentum.fc.client.impl.connection.docbase.DocbaseConnection.<init>(DocbaseConnection.java:112) ~[dfc.jar:?]
	at com.documentum.fc.client.impl.connection.docbase.DocbaseConnection.<init>(DocbaseConnection.java:72) ~[dfc.jar:?]
	at com.documentum.fc.client.impl.connection.docbase.DocbaseConnectionFactory.newDocbaseConnection(DocbaseConnectionFactory.java:32) ~[dfc.jar:?]
	at com.documentum.fc.client.impl.connection.docbase.DocbaseConnectionManager.createNewConnection(DocbaseConnectionManager.java:202) ~[dfc.jar:?]
	at com.documentum.fc.client.impl.connection.docbase.DocbaseConnectionManager.getDocbaseConnection(DocbaseConnectionManager.java:132) ~[dfc.jar:?]
	at com.documentum.fc.client.impl.session.SessionFactory.newSession(SessionFactory.java:24) ~[dfc.jar:?]
	at com.documentum.fc.client.impl.session.PrincipalAwareSessionFactory.newSession(PrincipalAwareSessionFactory.java:44) ~[dfc.jar:?]
	at com.documentum.fc.client.impl.session.PooledSessionFactory.newSession(PooledSessionFactory.java:49) ~[dfc.jar:?]
	at com.documentum.fc.client.impl.session.SessionManager.getSessionFromFactory(SessionManager.java:106) ~[dfc.jar:?]
	at com.documentum.fc.client.impl.session.SessionManager.newSession(SessionManager.java:281) ~[dfc.jar:?]
	at com.documentum.fc.client.impl.session.SessionManager.newSession(SessionManager.java:68) ~[dfc.jar:?]
	at com.documentum.fc.client.impl.session.SessionManager.getSession(SessionManager.java:190) ~[dfc.jar:?]
	at com.documentum.fc.client.impl.bof.classmgmt.ModuleManager.connect(ModuleManager.java:402) [dfc.jar:?]
	at com.documentum.fc.client.impl.bof.classmgmt.ModuleManager.init(ModuleManager.java:357) [dfc.jar:?]
	at com.documentum.fc.client.impl.bof.classmgmt.ModuleManager.getInstance(ModuleManager.java:43) [dfc.jar:?]
	at com.documentum.fc.client.security.impl.DfcIdentityPublisher.<init>(DfcIdentityPublisher.java:44) [dfc.jar:?]
	at com.documentum.fc.client.security.internal.RegistrationMgr.register(RegistrationMgr.java:34) [dfc.jar:?]
	at com.documentum.fc.impl.RuntimeContext.<clinit>(RuntimeContext.java:205) [dfc.jar:?]
	at com.documentum.fc.client.DfClient.<clinit>(DfClient.java:792) [dfc.jar:?]
	at com.nabard.digidak.migration.DocumentumSessionManager.initSessionManager(DocumentumSessionManager.java:35) [classes/:?]
	at com.nabard.digidak.migration.DigidakExportOperation.main(DigidakExportOperation.java:538) [classes/:?]
Caused by: com.documentum.fc.client.DfIOException: [DM_SESSION_E_RPC_ERROR]error:  "Server communication failure"
	at com.documentum.fc.client.DfIOException.newCommunicationFailureException(DfIOException.java:16) ~[dfc.jar:?]
	at com.documentum.fc.client.impl.connection.docbroker.netwise.NetwiseDocbrokerRpcClientFactory.newDocbrokerRpcClient(NetwiseDocbrokerRpcClientFactory.java:44) ~[dfc.jar:?]
	at com.documentum.fc.client.impl.connection.docbroker.DocbrokerConnection.<init>(DocbrokerConnection.java:25) ~[dfc.jar:?]
	... 32 more
Caused by: java.io.IOException: NABARD
	at com.documentum.fc.client.impl.connection.docbroker.netwise.NetwiseDocbrokerRpcClientFactory.resolveHostNameCorrectly(NetwiseDocbrokerRpcClientFactory.java:362) ~[dfc.jar:?]
	at com.documentum.fc.client.impl.connection.docbroker.netwise.NetwiseDocbrokerRpcClientFactory.connect(NetwiseDocbrokerRpcClientFactory.java:125) ~[dfc.jar:?]
	at com.documentum.fc.client.impl.connection.docbroker.netwise.NetwiseDocbrokerRpcClientFactory.openSocket(NetwiseDocbrokerRpcClientFactory.java:105) ~[dfc.jar:?]
	at com.documentum.fc.client.impl.connection.docbroker.netwise.NetwiseDocbrokerRpcClientFactory.newDocbrokerRpcClient(NetwiseDocbrokerRpcClientFactory.java:40) ~[dfc.jar:?]
	at com.documentum.fc.client.impl.connection.docbroker.DocbrokerConnection.<init>(DocbrokerConnection.java:25) ~[dfc.jar:?]
	... 32 more
2026-01-29 23:25:00 WARN  RegistrationMgr - [DFC_SECURITY_GR_PUBLICATION_FAILED] Publication of DFC instance with global registry failed
com.documentum.fc.common.DfException: [DFC_BOF_GLOBAL_REGISTRY_UNAVAILABLE] Unable to connect to the global registry no session
	at com.documentum.fc.client.security.impl.DfcIdentityPublisher.<init>(DfcIdentityPublisher.java:55) ~[dfc.jar:?]
	at com.documentum.fc.client.security.internal.RegistrationMgr.register(RegistrationMgr.java:34) [dfc.jar:?]
	at com.documentum.fc.impl.RuntimeContext.<clinit>(RuntimeContext.java:205) [dfc.jar:?]
	at com.documentum.fc.client.DfClient.<clinit>(DfClient.java:792) [dfc.jar:?]
	at com.nabard.digidak.migration.DocumentumSessionManager.initSessionManager(DocumentumSessionManager.java:35) [classes/:?]
	at com.nabard.digidak.migration.DigidakExportOperation.main(DigidakExportOperation.java:538) [classes/:?]
2026-01-29 23:25:00 INFO  DocumentumSessionManager - Session Manager initialized for repository: NABARDUAT
2026-01-29 23:25:00 ERROR DigidakExportOperation - Digidak Export operation failed
com.documentum.fc.client.DfDocbrokerException: [DFC_DOCBROKER_REQUEST_FAILED] Request to Docbroker "NABARD:1489" failed
	at com.documentum.fc.client.DfDocbrokerException.newRequestFailedException(DfDocbrokerException.java:13) ~[dfc.jar:?]
	at com.documentum.fc.client.impl.connection.docbroker.DocbrokerConnection.<init>(DocbrokerConnection.java:30) ~[dfc.jar:?]
	at com.documentum.fc.client.impl.connection.docbroker.DocbrokerConnectionFactory.newDocbrokerConnection(DocbrokerConnectionFactory.java:27) ~[dfc.jar:?]
	at com.documentum.fc.client.impl.docbroker.MapBuilder.issueRequest(MapBuilder.java:27) ~[dfc.jar:?]
	at com.documentum.fc.client.impl.docbroker.ServerMapBuilder.getDataFromDocbroker(ServerMapBuilder.java:169) ~[dfc.jar:?]
	at com.documentum.fc.client.impl.docbroker.ServerMapBuilder.getMap(ServerMapBuilder.java:61) ~[dfc.jar:?]
	at com.documentum.fc.client.impl.docbroker.DocbrokerClient.getServerMap(DocbrokerClient.java:152) ~[dfc.jar:?]
	at com.documentum.fc.client.impl.connection.docbase.ServerChoiceManager.updateServerChoices(ServerChoiceManager.java:159) ~[dfc.jar:?]
	at com.documentum.fc.client.impl.connection.docbase.ServerChoiceManager.updateServerChoicesIfNecessary(ServerChoiceManager.java:148) ~[dfc.jar:?]
	at com.documentum.fc.client.impl.connection.docbase.ServerChoiceManager.getServerChoices(ServerChoiceManager.java:47) ~[dfc.jar:?]
	at com.documentum.fc.client.impl.connection.docbase.DocbaseConnection.getServerChoices(DocbaseConnection.java:285) ~[dfc.jar:?]
	at com.documentum.fc.client.impl.connection.docbase.DocbaseConnection.establishNewRpcClient(DocbaseConnection.java:239) ~[dfc.jar:?]
	at com.documentum.fc.client.impl.connection.docbase.DocbaseConnection.open(DocbaseConnection.java:138) ~[dfc.jar:?]
	at com.documentum.fc.client.impl.connection.docbase.DocbaseConnection.<init>(DocbaseConnection.java:112) ~[dfc.jar:?]
	at com.documentum.fc.client.impl.connection.docbase.DocbaseConnection.<init>(DocbaseConnection.java:72) ~[dfc.jar:?]
	at com.documentum.fc.client.impl.connection.docbase.DocbaseConnectionFactory.newDocbaseConnection(DocbaseConnectionFactory.java:32) ~[dfc.jar:?]
	at com.documentum.fc.client.impl.connection.docbase.DocbaseConnectionManager.createNewConnection(DocbaseConnectionManager.java:202) ~[dfc.jar:?]
	at com.documentum.fc.client.impl.connection.docbase.DocbaseConnectionManager.getDocbaseConnection(DocbaseConnectionManager.java:132) ~[dfc.jar:?]
	at com.documentum.fc.client.impl.session.SessionFactory.newSession(SessionFactory.java:24) ~[dfc.jar:?]
	at com.documentum.fc.client.impl.session.PrincipalAwareSessionFactory.newSession(PrincipalAwareSessionFactory.java:44) ~[dfc.jar:?]
	at com.documentum.fc.client.impl.session.PooledSessionFactory.newSession(PooledSessionFactory.java:49) ~[dfc.jar:?]
	at com.documentum.fc.client.impl.session.SessionManager.getSessionFromFactory(SessionManager.java:106) ~[dfc.jar:?]
	at com.documentum.fc.client.impl.session.SessionManager.newSession(SessionManager.java:281) ~[dfc.jar:?]
	at com.documentum.fc.client.impl.session.SessionManager.newSession(SessionManager.java:68) ~[dfc.jar:?]
	at com.documentum.fc.client.impl.session.SessionManager.getSession(SessionManager.java:190) ~[dfc.jar:?]
	at com.nabard.digidak.migration.DocumentumSessionManager.getSession(DocumentumSessionManager.java:58) ~[classes/:?]
	at com.nabard.digidak.migration.DigidakExportOperation.main(DigidakExportOperation.java:541) [classes/:?]
Caused by: com.documentum.fc.client.DfIOException: [DM_SESSION_E_RPC_ERROR]error:  "Server communication failure"
	at com.documentum.fc.client.DfIOException.newCommunicationFailureException(DfIOException.java:16) ~[dfc.jar:?]
	at com.documentum.fc.client.impl.connection.docbroker.netwise.NetwiseDocbrokerRpcClientFactory.newDocbrokerRpcClient(NetwiseDocbrokerRpcClientFactory.java:44) ~[dfc.jar:?]
	at com.documentum.fc.client.impl.connection.docbroker.DocbrokerConnection.<init>(DocbrokerConnection.java:25) ~[dfc.jar:?]
	... 25 more
Caused by: java.io.IOException: NABARD
	at com.documentum.fc.client.impl.connection.docbroker.netwise.NetwiseDocbrokerRpcClientFactory.resolveHostNameCorrectly(NetwiseDocbrokerRpcClientFactory.java:362) ~[dfc.jar:?]
	at com.documentum.fc.client.impl.connection.docbroker.netwise.NetwiseDocbrokerRpcClientFactory.connect(NetwiseDocbrokerRpcClientFactory.java:125) ~[dfc.jar:?]
	at com.documentum.fc.client.impl.connection.docbroker.netwise.NetwiseDocbrokerRpcClientFactory.openSocket(NetwiseDocbrokerRpcClientFactory.java:105) ~[dfc.jar:?]
	at com.documentum.fc.client.impl.connection.docbroker.netwise.NetwiseDocbrokerRpcClientFactory.newDocbrokerRpcClient(NetwiseDocbrokerRpcClientFactory.java:40) ~[dfc.jar:?]
	at com.documentum.fc.client.impl.connection.docbroker.DocbrokerConnection.<init>(DocbrokerConnection.java:25) ~[dfc.jar:?]
	... 25 more
2026-01-29 23:27:12 INFO  DigidakExportOperation - ====================================================================================================
2026-01-29 23:27:12 INFO  DigidakExportOperation - Starting Digidak Export Operation
2026-01-29 23:27:12 INFO  DigidakExportOperation - Repository: NABARDUAT
2026-01-29 23:27:12 INFO  DigidakExportOperation - User: dmadmin
2026-01-29 23:27:12 INFO  DigidakExportOperation - Where Clause: DATETOSTRING("r_creation_date", 'yyyy')='2017'
2026-01-29 23:27:12 INFO  DigidakExportOperation - Export Path: C:/DigidakMigration/UAT Export Digidak
2026-01-29 23:27:12 INFO  DigidakExportOperation - Thread Count: 10
2026-01-29 23:27:12 INFO  DigidakExportOperation - Timeout (Hours): 24
2026-01-29 23:27:12 INFO  DigidakExportOperation - ====================================================================================================
2026-01-29 23:27:12 INFO  JKSKeystoreUtilForDfc - keystore file name is D:\MigrationUtil\DigidakMigration\target\classes\dfc.keystore
2026-01-29 23:27:12 INFO  InitializeKeystoreForDfc - [DFC_SECURITY_IDENTITY_LOADED] Loaded identity from keystore, DFC alias=dfc, identity=dfc_kOX9LtlEqM9osUejU0w2ecU7tb4a
2026-01-29 23:27:12 INFO  AuthenticationMgrForDfc - identity for authentication is dfc_kOX9LtlEqM9osUejU0w2ecU7tb4a
2026-01-29 23:27:12 INFO  RuntimeContext - DFC Version is 21.4.0000.0147
2026-01-29 23:27:12 INFO  ClassCacheManager$CacheCleanupTask - [DFC_BOF_RUNNING_CLEANUP] Running class cache cleanup task
2026-01-29 23:27:15 WARN  ModuleManager - [DFC_BOF_COULDNT_CONNECT_TO_REGISTRY] Unable to connect to module registry, docbase name NABARDUAT username dm_bof_registry.
com.documentum.fc.client.DfDocbrokerException: [DFC_DOCBROKER_REQUEST_FAILED] Request to Docbroker "NABARD:1489" failed
	at com.documentum.fc.client.DfDocbrokerException.newRequestFailedException(DfDocbrokerException.java:13) ~[dfc.jar:?]
	at com.documentum.fc.client.impl.connection.docbroker.DocbrokerConnection.<init>(DocbrokerConnection.java:30) ~[dfc.jar:?]
	at com.documentum.fc.client.impl.connection.docbroker.DocbrokerConnectionFactory.newDocbrokerConnection(DocbrokerConnectionFactory.java:27) ~[dfc.jar:?]
	at com.documentum.fc.client.impl.docbroker.MapBuilder.issueRequest(MapBuilder.java:27) ~[dfc.jar:?]
	at com.documentum.fc.client.impl.docbroker.ServerMapBuilder.getDataFromDocbroker(ServerMapBuilder.java:169) ~[dfc.jar:?]
	at com.documentum.fc.client.impl.docbroker.ServerMapBuilder.getMap(ServerMapBuilder.java:61) ~[dfc.jar:?]
	at com.documentum.fc.client.impl.docbroker.DocbrokerClient.getServerMap(DocbrokerClient.java:152) ~[dfc.jar:?]
	at com.documentum.fc.client.impl.connection.docbase.ServerChoiceManager.updateServerChoices(ServerChoiceManager.java:159) ~[dfc.jar:?]
	at com.documentum.fc.client.impl.connection.docbase.ServerChoiceManager.updateServerChoicesIfNecessary(ServerChoiceManager.java:148) ~[dfc.jar:?]
	at com.documentum.fc.client.impl.connection.docbase.ServerChoiceManager.getServerChoices(ServerChoiceManager.java:47) ~[dfc.jar:?]
	at com.documentum.fc.client.impl.connection.docbase.DocbaseConnection.getServerChoices(DocbaseConnection.java:285) ~[dfc.jar:?]
	at com.documentum.fc.client.impl.connection.docbase.DocbaseConnection.establishNewRpcClient(DocbaseConnection.java:239) ~[dfc.jar:?]
	at com.documentum.fc.client.impl.connection.docbase.DocbaseConnection.open(DocbaseConnection.java:138) ~[dfc.jar:?]
	at com.documentum.fc.client.impl.connection.docbase.DocbaseConnection.<init>(DocbaseConnection.java:112) ~[dfc.jar:?]
	at com.documentum.fc.client.impl.connection.docbase.DocbaseConnection.<init>(DocbaseConnection.java:72) ~[dfc.jar:?]
	at com.documentum.fc.client.impl.connection.docbase.DocbaseConnectionFactory.newDocbaseConnection(DocbaseConnectionFactory.java:32) ~[dfc.jar:?]
	at com.documentum.fc.client.impl.connection.docbase.DocbaseConnectionManager.createNewConnection(DocbaseConnectionManager.java:202) ~[dfc.jar:?]
	at com.documentum.fc.client.impl.connection.docbase.DocbaseConnectionManager.getDocbaseConnection(DocbaseConnectionManager.java:132) ~[dfc.jar:?]
	at com.documentum.fc.client.impl.session.SessionFactory.newSession(SessionFactory.java:24) ~[dfc.jar:?]
	at com.documentum.fc.client.impl.session.PrincipalAwareSessionFactory.newSession(PrincipalAwareSessionFactory.java:44) ~[dfc.jar:?]
	at com.documentum.fc.client.impl.session.PooledSessionFactory.newSession(PooledSessionFactory.java:49) ~[dfc.jar:?]
	at com.documentum.fc.client.impl.session.SessionManager.getSessionFromFactory(SessionManager.java:106) ~[dfc.jar:?]
	at com.documentum.fc.client.impl.session.SessionManager.newSession(SessionManager.java:281) ~[dfc.jar:?]
	at com.documentum.fc.client.impl.session.SessionManager.newSession(SessionManager.java:68) ~[dfc.jar:?]
	at com.documentum.fc.client.impl.session.SessionManager.getSession(SessionManager.java:190) ~[dfc.jar:?]
	at com.documentum.fc.client.impl.bof.classmgmt.ModuleManager.connect(ModuleManager.java:402) [dfc.jar:?]
	at com.documentum.fc.client.impl.bof.classmgmt.ModuleManager.init(ModuleManager.java:357) [dfc.jar:?]
	at com.documentum.fc.client.impl.bof.classmgmt.ModuleManager.getInstance(ModuleManager.java:43) [dfc.jar:?]
	at com.documentum.fc.client.security.impl.DfcIdentityPublisher.<init>(DfcIdentityPublisher.java:44) [dfc.jar:?]
	at com.documentum.fc.client.security.internal.RegistrationMgr.register(RegistrationMgr.java:34) [dfc.jar:?]
	at com.documentum.fc.impl.RuntimeContext.<clinit>(RuntimeContext.java:205) [dfc.jar:?]
	at com.documentum.fc.client.DfClient.<clinit>(DfClient.java:792) [dfc.jar:?]
	at com.nabard.digidak.migration.DocumentumSessionManager.initSessionManager(DocumentumSessionManager.java:35) [classes/:?]
	at com.nabard.digidak.migration.DigidakExportOperation.main(DigidakExportOperation.java:538) [classes/:?]
Caused by: com.documentum.fc.client.DfIOException: [DM_SESSION_E_RPC_ERROR]error:  "Server communication failure"
	at com.documentum.fc.client.DfIOException.newCommunicationFailureException(DfIOException.java:16) ~[dfc.jar:?]
	at com.documentum.fc.client.impl.connection.docbroker.netwise.NetwiseDocbrokerRpcClientFactory.newDocbrokerRpcClient(NetwiseDocbrokerRpcClientFactory.java:44) ~[dfc.jar:?]
	at com.documentum.fc.client.impl.connection.docbroker.DocbrokerConnection.<init>(DocbrokerConnection.java:25) ~[dfc.jar:?]
	... 32 more
Caused by: java.io.IOException: NABARD
	at com.documentum.fc.client.impl.connection.docbroker.netwise.NetwiseDocbrokerRpcClientFactory.resolveHostNameCorrectly(NetwiseDocbrokerRpcClientFactory.java:362) ~[dfc.jar:?]
	at com.documentum.fc.client.impl.connection.docbroker.netwise.NetwiseDocbrokerRpcClientFactory.connect(NetwiseDocbrokerRpcClientFactory.java:125) ~[dfc.jar:?]
	at com.documentum.fc.client.impl.connection.docbroker.netwise.NetwiseDocbrokerRpcClientFactory.openSocket(NetwiseDocbrokerRpcClientFactory.java:105) ~[dfc.jar:?]
	at com.documentum.fc.client.impl.connection.docbroker.netwise.NetwiseDocbrokerRpcClientFactory.newDocbrokerRpcClient(NetwiseDocbrokerRpcClientFactory.java:40) ~[dfc.jar:?]
	at com.documentum.fc.client.impl.connection.docbroker.DocbrokerConnection.<init>(DocbrokerConnection.java:25) ~[dfc.jar:?]
	... 32 more
2026-01-29 23:27:15 WARN  RegistrationMgr - [DFC_SECURITY_GR_PUBLICATION_FAILED] Publication of DFC instance with global registry failed
com.documentum.fc.common.DfException: [DFC_BOF_GLOBAL_REGISTRY_UNAVAILABLE] Unable to connect to the global registry no session
	at com.documentum.fc.client.security.impl.DfcIdentityPublisher.<init>(DfcIdentityPublisher.java:55) ~[dfc.jar:?]
	at com.documentum.fc.client.security.internal.RegistrationMgr.register(RegistrationMgr.java:34) [dfc.jar:?]
	at com.documentum.fc.impl.RuntimeContext.<clinit>(RuntimeContext.java:205) [dfc.jar:?]
	at com.documentum.fc.client.DfClient.<clinit>(DfClient.java:792) [dfc.jar:?]
	at com.nabard.digidak.migration.DocumentumSessionManager.initSessionManager(DocumentumSessionManager.java:35) [classes/:?]
	at com.nabard.digidak.migration.DigidakExportOperation.main(DigidakExportOperation.java:538) [classes/:?]
2026-01-29 23:27:15 INFO  DocumentumSessionManager - Session Manager initialized for repository: NABARDUAT
2026-01-29 23:27:15 ERROR DigidakExportOperation - Digidak Export operation failed
com.documentum.fc.client.DfDocbrokerException: [DFC_DOCBROKER_REQUEST_FAILED] Request to Docbroker "NABARD:1489" failed
	at com.documentum.fc.client.DfDocbrokerException.newRequestFailedException(DfDocbrokerException.java:13) ~[dfc.jar:?]
	at com.documentum.fc.client.impl.connection.docbroker.DocbrokerConnection.<init>(DocbrokerConnection.java:30) ~[dfc.jar:?]
	at com.documentum.fc.client.impl.connection.docbroker.DocbrokerConnectionFactory.newDocbrokerConnection(DocbrokerConnectionFactory.java:27) ~[dfc.jar:?]
	at com.documentum.fc.client.impl.docbroker.MapBuilder.issueRequest(MapBuilder.java:27) ~[dfc.jar:?]
	at com.documentum.fc.client.impl.docbroker.ServerMapBuilder.getDataFromDocbroker(ServerMapBuilder.java:169) ~[dfc.jar:?]
	at com.documentum.fc.client.impl.docbroker.ServerMapBuilder.getMap(ServerMapBuilder.java:61) ~[dfc.jar:?]
	at com.documentum.fc.client.impl.docbroker.DocbrokerClient.getServerMap(DocbrokerClient.java:152) ~[dfc.jar:?]
	at com.documentum.fc.client.impl.connection.docbase.ServerChoiceManager.updateServerChoices(ServerChoiceManager.java:159) ~[dfc.jar:?]
	at com.documentum.fc.client.impl.connection.docbase.ServerChoiceManager.updateServerChoicesIfNecessary(ServerChoiceManager.java:148) ~[dfc.jar:?]
	at com.documentum.fc.client.impl.connection.docbase.ServerChoiceManager.getServerChoices(ServerChoiceManager.java:47) ~[dfc.jar:?]
	at com.documentum.fc.client.impl.connection.docbase.DocbaseConnection.getServerChoices(DocbaseConnection.java:285) ~[dfc.jar:?]
	at com.documentum.fc.client.impl.connection.docbase.DocbaseConnection.establishNewRpcClient(DocbaseConnection.java:239) ~[dfc.jar:?]
	at com.documentum.fc.client.impl.connection.docbase.DocbaseConnection.open(DocbaseConnection.java:138) ~[dfc.jar:?]
	at com.documentum.fc.client.impl.connection.docbase.DocbaseConnection.<init>(DocbaseConnection.java:112) ~[dfc.jar:?]
	at com.documentum.fc.client.impl.connection.docbase.DocbaseConnection.<init>(DocbaseConnection.java:72) ~[dfc.jar:?]
	at com.documentum.fc.client.impl.connection.docbase.DocbaseConnectionFactory.newDocbaseConnection(DocbaseConnectionFactory.java:32) ~[dfc.jar:?]
	at com.documentum.fc.client.impl.connection.docbase.DocbaseConnectionManager.createNewConnection(DocbaseConnectionManager.java:202) ~[dfc.jar:?]
	at com.documentum.fc.client.impl.connection.docbase.DocbaseConnectionManager.getDocbaseConnection(DocbaseConnectionManager.java:132) ~[dfc.jar:?]
	at com.documentum.fc.client.impl.session.SessionFactory.newSession(SessionFactory.java:24) ~[dfc.jar:?]
	at com.documentum.fc.client.impl.session.PrincipalAwareSessionFactory.newSession(PrincipalAwareSessionFactory.java:44) ~[dfc.jar:?]
	at com.documentum.fc.client.impl.session.PooledSessionFactory.newSession(PooledSessionFactory.java:49) ~[dfc.jar:?]
	at com.documentum.fc.client.impl.session.SessionManager.getSessionFromFactory(SessionManager.java:106) ~[dfc.jar:?]
	at com.documentum.fc.client.impl.session.SessionManager.newSession(SessionManager.java:281) ~[dfc.jar:?]
	at com.documentum.fc.client.impl.session.SessionManager.newSession(SessionManager.java:68) ~[dfc.jar:?]
	at com.documentum.fc.client.impl.session.SessionManager.getSession(SessionManager.java:190) ~[dfc.jar:?]
	at com.nabard.digidak.migration.DocumentumSessionManager.getSession(DocumentumSessionManager.java:58) ~[classes/:?]
	at com.nabard.digidak.migration.DigidakExportOperation.main(DigidakExportOperation.java:541) [classes/:?]
Caused by: com.documentum.fc.client.DfIOException: [DM_SESSION_E_RPC_ERROR]error:  "Server communication failure"
	at com.documentum.fc.client.DfIOException.newCommunicationFailureException(DfIOException.java:16) ~[dfc.jar:?]
	at com.documentum.fc.client.impl.connection.docbroker.netwise.NetwiseDocbrokerRpcClientFactory.newDocbrokerRpcClient(NetwiseDocbrokerRpcClientFactory.java:44) ~[dfc.jar:?]
	at com.documentum.fc.client.impl.connection.docbroker.DocbrokerConnection.<init>(DocbrokerConnection.java:25) ~[dfc.jar:?]
	... 25 more
Caused by: java.io.IOException: NABARD
	at com.documentum.fc.client.impl.connection.docbroker.netwise.NetwiseDocbrokerRpcClientFactory.resolveHostNameCorrectly(NetwiseDocbrokerRpcClientFactory.java:362) ~[dfc.jar:?]
	at com.documentum.fc.client.impl.connection.docbroker.netwise.NetwiseDocbrokerRpcClientFactory.connect(NetwiseDocbrokerRpcClientFactory.java:125) ~[dfc.jar:?]
	at com.documentum.fc.client.impl.connection.docbroker.netwise.NetwiseDocbrokerRpcClientFactory.openSocket(NetwiseDocbrokerRpcClientFactory.java:105) ~[dfc.jar:?]
	at com.documentum.fc.client.impl.connection.docbroker.netwise.NetwiseDocbrokerRpcClientFactory.newDocbrokerRpcClient(NetwiseDocbrokerRpcClientFactory.java:40) ~[dfc.jar:?]
	at com.documentum.fc.client.impl.connection.docbroker.DocbrokerConnection.<init>(DocbrokerConnection.java:25) ~[dfc.jar:?]
	... 25 more
2026-01-29 23:29:54 INFO  DigidakExportOperation - ====================================================================================================
2026-01-29 23:29:54 INFO  DigidakExportOperation - Starting Digidak Export Operation
2026-01-29 23:29:54 INFO  DigidakExportOperation - Repository: NABARDUAT
2026-01-29 23:29:54 INFO  DigidakExportOperation - User: dmadmin
2026-01-29 23:29:54 INFO  DigidakExportOperation - Where Clause: DATETOSTRING("r_creation_date", 'yyyy')='2017'
2026-01-29 23:29:54 INFO  DigidakExportOperation - Export Path: C:/DigidakMigration/UAT Export Digidak
2026-01-29 23:29:54 INFO  DigidakExportOperation - Thread Count: 10
2026-01-29 23:29:54 INFO  DigidakExportOperation - Timeout (Hours): 24
2026-01-29 23:29:54 INFO  DigidakExportOperation - ====================================================================================================
2026-01-29 23:29:54 INFO  JKSKeystoreUtilForDfc - keystore file name is D:\MigrationUtil\DigidakMigration\target\classes\dfc.keystore
2026-01-29 23:29:54 INFO  InitializeKeystoreForDfc - [DFC_SECURITY_IDENTITY_LOADED] Loaded identity from keystore, DFC alias=dfc, identity=dfc_kOX9LtlEqM9osUejU0w2ecU7tb4a
2026-01-29 23:29:54 INFO  AuthenticationMgrForDfc - identity for authentication is dfc_kOX9LtlEqM9osUejU0w2ecU7tb4a
2026-01-29 23:29:54 INFO  RuntimeContext - DFC Version is 21.4.0000.0147
2026-01-29 23:29:54 INFO  ClassCacheManager$CacheCleanupTask - [DFC_BOF_RUNNING_CLEANUP] Running class cache cleanup task
2026-01-29 23:29:57 WARN  ModuleManager - [DFC_BOF_COULDNT_CONNECT_TO_REGISTRY] Unable to connect to module registry, docbase name NABARDUAT username dm_bof_registry.
com.documentum.fc.client.DfDocbrokerException: [DFC_DOCBROKER_REQUEST_FAILED] Request to Docbroker "NABARD:1489" failed
	at com.documentum.fc.client.DfDocbrokerException.newRequestFailedException(DfDocbrokerException.java:13) ~[dfc.jar:?]
	at com.documentum.fc.client.impl.connection.docbroker.DocbrokerConnection.<init>(DocbrokerConnection.java:30) ~[dfc.jar:?]
	at com.documentum.fc.client.impl.connection.docbroker.DocbrokerConnectionFactory.newDocbrokerConnection(DocbrokerConnectionFactory.java:27) ~[dfc.jar:?]
	at com.documentum.fc.client.impl.docbroker.MapBuilder.issueRequest(MapBuilder.java:27) ~[dfc.jar:?]
	at com.documentum.fc.client.impl.docbroker.ServerMapBuilder.getDataFromDocbroker(ServerMapBuilder.java:169) ~[dfc.jar:?]
	at com.documentum.fc.client.impl.docbroker.ServerMapBuilder.getMap(ServerMapBuilder.java:61) ~[dfc.jar:?]
	at com.documentum.fc.client.impl.docbroker.DocbrokerClient.getServerMap(DocbrokerClient.java:152) ~[dfc.jar:?]
	at com.documentum.fc.client.impl.connection.docbase.ServerChoiceManager.updateServerChoices(ServerChoiceManager.java:159) ~[dfc.jar:?]
	at com.documentum.fc.client.impl.connection.docbase.ServerChoiceManager.updateServerChoicesIfNecessary(ServerChoiceManager.java:148) ~[dfc.jar:?]
	at com.documentum.fc.client.impl.connection.docbase.ServerChoiceManager.getServerChoices(ServerChoiceManager.java:47) ~[dfc.jar:?]
	at com.documentum.fc.client.impl.connection.docbase.DocbaseConnection.getServerChoices(DocbaseConnection.java:285) ~[dfc.jar:?]
	at com.documentum.fc.client.impl.connection.docbase.DocbaseConnection.establishNewRpcClient(DocbaseConnection.java:239) ~[dfc.jar:?]
	at com.documentum.fc.client.impl.connection.docbase.DocbaseConnection.open(DocbaseConnection.java:138) ~[dfc.jar:?]
	at com.documentum.fc.client.impl.connection.docbase.DocbaseConnection.<init>(DocbaseConnection.java:112) ~[dfc.jar:?]
	at com.documentum.fc.client.impl.connection.docbase.DocbaseConnection.<init>(DocbaseConnection.java:72) ~[dfc.jar:?]
	at com.documentum.fc.client.impl.connection.docbase.DocbaseConnectionFactory.newDocbaseConnection(DocbaseConnectionFactory.java:32) ~[dfc.jar:?]
	at com.documentum.fc.client.impl.connection.docbase.DocbaseConnectionManager.createNewConnection(DocbaseConnectionManager.java:202) ~[dfc.jar:?]
	at com.documentum.fc.client.impl.connection.docbase.DocbaseConnectionManager.getDocbaseConnection(DocbaseConnectionManager.java:132) ~[dfc.jar:?]
	at com.documentum.fc.client.impl.session.SessionFactory.newSession(SessionFactory.java:24) ~[dfc.jar:?]
	at com.documentum.fc.client.impl.session.PrincipalAwareSessionFactory.newSession(PrincipalAwareSessionFactory.java:44) ~[dfc.jar:?]
	at com.documentum.fc.client.impl.session.PooledSessionFactory.newSession(PooledSessionFactory.java:49) ~[dfc.jar:?]
	at com.documentum.fc.client.impl.session.SessionManager.getSessionFromFactory(SessionManager.java:106) ~[dfc.jar:?]
	at com.documentum.fc.client.impl.session.SessionManager.newSession(SessionManager.java:281) ~[dfc.jar:?]
	at com.documentum.fc.client.impl.session.SessionManager.newSession(SessionManager.java:68) ~[dfc.jar:?]
	at com.documentum.fc.client.impl.session.SessionManager.getSession(SessionManager.java:190) ~[dfc.jar:?]
	at com.documentum.fc.client.impl.bof.classmgmt.ModuleManager.connect(ModuleManager.java:402) [dfc.jar:?]
	at com.documentum.fc.client.impl.bof.classmgmt.ModuleManager.init(ModuleManager.java:357) [dfc.jar:?]
	at com.documentum.fc.client.impl.bof.classmgmt.ModuleManager.getInstance(ModuleManager.java:43) [dfc.jar:?]
	at com.documentum.fc.client.security.impl.DfcIdentityPublisher.<init>(DfcIdentityPublisher.java:44) [dfc.jar:?]
	at com.documentum.fc.client.security.internal.RegistrationMgr.register(RegistrationMgr.java:34) [dfc.jar:?]
	at com.documentum.fc.impl.RuntimeContext.<clinit>(RuntimeContext.java:205) [dfc.jar:?]
	at com.documentum.fc.client.DfClient.<clinit>(DfClient.java:792) [dfc.jar:?]
	at com.nabard.digidak.migration.DocumentumSessionManager.initSessionManager(DocumentumSessionManager.java:35) [classes/:?]
	at com.nabard.digidak.migration.DigidakExportOperation.main(DigidakExportOperation.java:538) [classes/:?]
Caused by: com.documentum.fc.client.DfIOException: [DM_SESSION_E_RPC_ERROR]error:  "Server communication failure"
	at com.documentum.fc.client.DfIOException.newCommunicationFailureException(DfIOException.java:16) ~[dfc.jar:?]
	at com.documentum.fc.client.impl.connection.docbroker.netwise.NetwiseDocbrokerRpcClientFactory.newDocbrokerRpcClient(NetwiseDocbrokerRpcClientFactory.java:44) ~[dfc.jar:?]
	at com.documentum.fc.client.impl.connection.docbroker.DocbrokerConnection.<init>(DocbrokerConnection.java:25) ~[dfc.jar:?]
	... 32 more
Caused by: java.io.IOException: NABARD
	at com.documentum.fc.client.impl.connection.docbroker.netwise.NetwiseDocbrokerRpcClientFactory.resolveHostNameCorrectly(NetwiseDocbrokerRpcClientFactory.java:362) ~[dfc.jar:?]
	at com.documentum.fc.client.impl.connection.docbroker.netwise.NetwiseDocbrokerRpcClientFactory.connect(NetwiseDocbrokerRpcClientFactory.java:125) ~[dfc.jar:?]
	at com.documentum.fc.client.impl.connection.docbroker.netwise.NetwiseDocbrokerRpcClientFactory.openSocket(NetwiseDocbrokerRpcClientFactory.java:105) ~[dfc.jar:?]
	at com.documentum.fc.client.impl.connection.docbroker.netwise.NetwiseDocbrokerRpcClientFactory.newDocbrokerRpcClient(NetwiseDocbrokerRpcClientFactory.java:40) ~[dfc.jar:?]
	at com.documentum.fc.client.impl.connection.docbroker.DocbrokerConnection.<init>(DocbrokerConnection.java:25) ~[dfc.jar:?]
	... 32 more
2026-01-29 23:29:57 WARN  RegistrationMgr - [DFC_SECURITY_GR_PUBLICATION_FAILED] Publication of DFC instance with global registry failed
com.documentum.fc.common.DfException: [DFC_BOF_GLOBAL_REGISTRY_UNAVAILABLE] Unable to connect to the global registry no session
	at com.documentum.fc.client.security.impl.DfcIdentityPublisher.<init>(DfcIdentityPublisher.java:55) ~[dfc.jar:?]
	at com.documentum.fc.client.security.internal.RegistrationMgr.register(RegistrationMgr.java:34) [dfc.jar:?]
	at com.documentum.fc.impl.RuntimeContext.<clinit>(RuntimeContext.java:205) [dfc.jar:?]
	at com.documentum.fc.client.DfClient.<clinit>(DfClient.java:792) [dfc.jar:?]
	at com.nabard.digidak.migration.DocumentumSessionManager.initSessionManager(DocumentumSessionManager.java:35) [classes/:?]
	at com.nabard.digidak.migration.DigidakExportOperation.main(DigidakExportOperation.java:538) [classes/:?]
2026-01-29 23:29:57 INFO  DocumentumSessionManager - Session Manager initialized for repository: NABARDUAT
2026-01-29 23:29:57 ERROR DigidakExportOperation - Digidak Export operation failed
com.documentum.fc.client.DfDocbrokerException: [DFC_DOCBROKER_REQUEST_FAILED] Request to Docbroker "NABARD:1489" failed
	at com.documentum.fc.client.DfDocbrokerException.newRequestFailedException(DfDocbrokerException.java:13) ~[dfc.jar:?]
	at com.documentum.fc.client.impl.connection.docbroker.DocbrokerConnection.<init>(DocbrokerConnection.java:30) ~[dfc.jar:?]
	at com.documentum.fc.client.impl.connection.docbroker.DocbrokerConnectionFactory.newDocbrokerConnection(DocbrokerConnectionFactory.java:27) ~[dfc.jar:?]
	at com.documentum.fc.client.impl.docbroker.MapBuilder.issueRequest(MapBuilder.java:27) ~[dfc.jar:?]
	at com.documentum.fc.client.impl.docbroker.ServerMapBuilder.getDataFromDocbroker(ServerMapBuilder.java:169) ~[dfc.jar:?]
	at com.documentum.fc.client.impl.docbroker.ServerMapBuilder.getMap(ServerMapBuilder.java:61) ~[dfc.jar:?]
	at com.documentum.fc.client.impl.docbroker.DocbrokerClient.getServerMap(DocbrokerClient.java:152) ~[dfc.jar:?]
	at com.documentum.fc.client.impl.connection.docbase.ServerChoiceManager.updateServerChoices(ServerChoiceManager.java:159) ~[dfc.jar:?]
	at com.documentum.fc.client.impl.connection.docbase.ServerChoiceManager.updateServerChoicesIfNecessary(ServerChoiceManager.java:148) ~[dfc.jar:?]
	at com.documentum.fc.client.impl.connection.docbase.ServerChoiceManager.getServerChoices(ServerChoiceManager.java:47) ~[dfc.jar:?]
	at com.documentum.fc.client.impl.connection.docbase.DocbaseConnection.getServerChoices(DocbaseConnection.java:285) ~[dfc.jar:?]
	at com.documentum.fc.client.impl.connection.docbase.DocbaseConnection.establishNewRpcClient(DocbaseConnection.java:239) ~[dfc.jar:?]
	at com.documentum.fc.client.impl.connection.docbase.DocbaseConnection.open(DocbaseConnection.java:138) ~[dfc.jar:?]
	at com.documentum.fc.client.impl.connection.docbase.DocbaseConnection.<init>(DocbaseConnection.java:112) ~[dfc.jar:?]
	at com.documentum.fc.client.impl.connection.docbase.DocbaseConnection.<init>(DocbaseConnection.java:72) ~[dfc.jar:?]
	at com.documentum.fc.client.impl.connection.docbase.DocbaseConnectionFactory.newDocbaseConnection(DocbaseConnectionFactory.java:32) ~[dfc.jar:?]
	at com.documentum.fc.client.impl.connection.docbase.DocbaseConnectionManager.createNewConnection(DocbaseConnectionManager.java:202) ~[dfc.jar:?]
	at com.documentum.fc.client.impl.connection.docbase.DocbaseConnectionManager.getDocbaseConnection(DocbaseConnectionManager.java:132) ~[dfc.jar:?]
	at com.documentum.fc.client.impl.session.SessionFactory.newSession(SessionFactory.java:24) ~[dfc.jar:?]
	at com.documentum.fc.client.impl.session.PrincipalAwareSessionFactory.newSession(PrincipalAwareSessionFactory.java:44) ~[dfc.jar:?]
	at com.documentum.fc.client.impl.session.PooledSessionFactory.newSession(PooledSessionFactory.java:49) ~[dfc.jar:?]
	at com.documentum.fc.client.impl.session.SessionManager.getSessionFromFactory(SessionManager.java:106) ~[dfc.jar:?]
	at com.documentum.fc.client.impl.session.SessionManager.newSession(SessionManager.java:281) ~[dfc.jar:?]
	at com.documentum.fc.client.impl.session.SessionManager.newSession(SessionManager.java:68) ~[dfc.jar:?]
	at com.documentum.fc.client.impl.session.SessionManager.getSession(SessionManager.java:190) ~[dfc.jar:?]
	at com.nabard.digidak.migration.DocumentumSessionManager.getSession(DocumentumSessionManager.java:58) ~[classes/:?]
	at com.nabard.digidak.migration.DigidakExportOperation.main(DigidakExportOperation.java:541) [classes/:?]
Caused by: com.documentum.fc.client.DfIOException: [DM_SESSION_E_RPC_ERROR]error:  "Server communication failure"
	at com.documentum.fc.client.DfIOException.newCommunicationFailureException(DfIOException.java:16) ~[dfc.jar:?]
	at com.documentum.fc.client.impl.connection.docbroker.netwise.NetwiseDocbrokerRpcClientFactory.newDocbrokerRpcClient(NetwiseDocbrokerRpcClientFactory.java:44) ~[dfc.jar:?]
	at com.documentum.fc.client.impl.connection.docbroker.DocbrokerConnection.<init>(DocbrokerConnection.java:25) ~[dfc.jar:?]
	... 25 more
Caused by: java.io.IOException: NABARD
	at com.documentum.fc.client.impl.connection.docbroker.netwise.NetwiseDocbrokerRpcClientFactory.resolveHostNameCorrectly(NetwiseDocbrokerRpcClientFactory.java:362) ~[dfc.jar:?]
	at com.documentum.fc.client.impl.connection.docbroker.netwise.NetwiseDocbrokerRpcClientFactory.connect(NetwiseDocbrokerRpcClientFactory.java:125) ~[dfc.jar:?]
	at com.documentum.fc.client.impl.connection.docbroker.netwise.NetwiseDocbrokerRpcClientFactory.openSocket(NetwiseDocbrokerRpcClientFactory.java:105) ~[dfc.jar:?]
	at com.documentum.fc.client.impl.connection.docbroker.netwise.NetwiseDocbrokerRpcClientFactory.newDocbrokerRpcClient(NetwiseDocbrokerRpcClientFactory.java:40) ~[dfc.jar:?]
	at com.documentum.fc.client.impl.connection.docbroker.DocbrokerConnection.<init>(DocbrokerConnection.java:25) ~[dfc.jar:?]
	... 25 more
2026-01-29 23:31:21 INFO  DigidakExportOperation - ====================================================================================================
2026-01-29 23:31:21 INFO  DigidakExportOperation - Starting Digidak Export Operation
2026-01-29 23:31:21 INFO  DigidakExportOperation - Repository: NABARDUAT
2026-01-29 23:31:21 INFO  DigidakExportOperation - User: dmadmin
2026-01-29 23:31:21 INFO  DigidakExportOperation - Where Clause: DATETOSTRING("r_creation_date", 'yyyy')='2017'
2026-01-29 23:31:21 INFO  DigidakExportOperation - Export Path: C:/DigidakMigration/UAT Export Digidak
2026-01-29 23:31:21 INFO  DigidakExportOperation - Thread Count: 10
2026-01-29 23:31:21 INFO  DigidakExportOperation - Timeout (Hours): 24
2026-01-29 23:31:21 INFO  DigidakExportOperation - ====================================================================================================
2026-01-29 23:31:21 INFO  JKSKeystoreUtilForDfc - keystore file name is D:\MigrationUtil\DigidakMigration\target\classes\dfc.keystore
2026-01-29 23:31:21 INFO  InitializeKeystoreForDfc - [DFC_SECURITY_IDENTITY_LOADED] Loaded identity from keystore, DFC alias=dfc, identity=dfc_kOX9LtlEqM9osUejU0w2ecU7tb4a
2026-01-29 23:31:21 INFO  AuthenticationMgrForDfc - identity for authentication is dfc_kOX9LtlEqM9osUejU0w2ecU7tb4a
2026-01-29 23:31:21 INFO  RuntimeContext - DFC Version is 21.4.0000.0147
2026-01-29 23:31:21 INFO  ClassCacheManager$CacheCleanupTask - [DFC_BOF_RUNNING_CLEANUP] Running class cache cleanup task
2026-01-29 23:31:24 WARN  ModuleManager - [DFC_BOF_COULDNT_CONNECT_TO_REGISTRY] Unable to connect to module registry, docbase name NABARDUAT username dm_bof_registry.
com.documentum.fc.client.DfDocbrokerException: [DFC_DOCBROKER_REQUEST_FAILED] Request to Docbroker "NABARD:1489" failed
	at com.documentum.fc.client.DfDocbrokerException.newRequestFailedException(DfDocbrokerException.java:13) ~[dfc.jar:?]
	at com.documentum.fc.client.impl.connection.docbroker.DocbrokerConnection.<init>(DocbrokerConnection.java:30) ~[dfc.jar:?]
	at com.documentum.fc.client.impl.connection.docbroker.DocbrokerConnectionFactory.newDocbrokerConnection(DocbrokerConnectionFactory.java:27) ~[dfc.jar:?]
	at com.documentum.fc.client.impl.docbroker.MapBuilder.issueRequest(MapBuilder.java:27) ~[dfc.jar:?]
	at com.documentum.fc.client.impl.docbroker.ServerMapBuilder.getDataFromDocbroker(ServerMapBuilder.java:169) ~[dfc.jar:?]
	at com.documentum.fc.client.impl.docbroker.ServerMapBuilder.getMap(ServerMapBuilder.java:61) ~[dfc.jar:?]
	at com.documentum.fc.client.impl.docbroker.DocbrokerClient.getServerMap(DocbrokerClient.java:152) ~[dfc.jar:?]
	at com.documentum.fc.client.impl.connection.docbase.ServerChoiceManager.updateServerChoices(ServerChoiceManager.java:159) ~[dfc.jar:?]
	at com.documentum.fc.client.impl.connection.docbase.ServerChoiceManager.updateServerChoicesIfNecessary(ServerChoiceManager.java:148) ~[dfc.jar:?]
	at com.documentum.fc.client.impl.connection.docbase.ServerChoiceManager.getServerChoices(ServerChoiceManager.java:47) ~[dfc.jar:?]
	at com.documentum.fc.client.impl.connection.docbase.DocbaseConnection.getServerChoices(DocbaseConnection.java:285) ~[dfc.jar:?]
	at com.documentum.fc.client.impl.connection.docbase.DocbaseConnection.establishNewRpcClient(DocbaseConnection.java:239) ~[dfc.jar:?]
	at com.documentum.fc.client.impl.connection.docbase.DocbaseConnection.open(DocbaseConnection.java:138) ~[dfc.jar:?]
	at com.documentum.fc.client.impl.connection.docbase.DocbaseConnection.<init>(DocbaseConnection.java:112) ~[dfc.jar:?]
	at com.documentum.fc.client.impl.connection.docbase.DocbaseConnection.<init>(DocbaseConnection.java:72) ~[dfc.jar:?]
	at com.documentum.fc.client.impl.connection.docbase.DocbaseConnectionFactory.newDocbaseConnection(DocbaseConnectionFactory.java:32) ~[dfc.jar:?]
	at com.documentum.fc.client.impl.connection.docbase.DocbaseConnectionManager.createNewConnection(DocbaseConnectionManager.java:202) ~[dfc.jar:?]
	at com.documentum.fc.client.impl.connection.docbase.DocbaseConnectionManager.getDocbaseConnection(DocbaseConnectionManager.java:132) ~[dfc.jar:?]
	at com.documentum.fc.client.impl.session.SessionFactory.newSession(SessionFactory.java:24) ~[dfc.jar:?]
	at com.documentum.fc.client.impl.session.PrincipalAwareSessionFactory.newSession(PrincipalAwareSessionFactory.java:44) ~[dfc.jar:?]
	at com.documentum.fc.client.impl.session.PooledSessionFactory.newSession(PooledSessionFactory.java:49) ~[dfc.jar:?]
	at com.documentum.fc.client.impl.session.SessionManager.getSessionFromFactory(SessionManager.java:106) ~[dfc.jar:?]
	at com.documentum.fc.client.impl.session.SessionManager.newSession(SessionManager.java:281) ~[dfc.jar:?]
	at com.documentum.fc.client.impl.session.SessionManager.newSession(SessionManager.java:68) ~[dfc.jar:?]
	at com.documentum.fc.client.impl.session.SessionManager.getSession(SessionManager.java:190) ~[dfc.jar:?]
	at com.documentum.fc.client.impl.bof.classmgmt.ModuleManager.connect(ModuleManager.java:402) [dfc.jar:?]
	at com.documentum.fc.client.impl.bof.classmgmt.ModuleManager.init(ModuleManager.java:357) [dfc.jar:?]
	at com.documentum.fc.client.impl.bof.classmgmt.ModuleManager.getInstance(ModuleManager.java:43) [dfc.jar:?]
	at com.documentum.fc.client.security.impl.DfcIdentityPublisher.<init>(DfcIdentityPublisher.java:44) [dfc.jar:?]
	at com.documentum.fc.client.security.internal.RegistrationMgr.register(RegistrationMgr.java:34) [dfc.jar:?]
	at com.documentum.fc.impl.RuntimeContext.<clinit>(RuntimeContext.java:205) [dfc.jar:?]
	at com.documentum.fc.client.DfClient.<clinit>(DfClient.java:792) [dfc.jar:?]
	at com.nabard.digidak.migration.DocumentumSessionManager.initSessionManager(DocumentumSessionManager.java:35) [classes/:?]
	at com.nabard.digidak.migration.DigidakExportOperation.main(DigidakExportOperation.java:538) [classes/:?]
Caused by: com.documentum.fc.client.DfIOException: [DM_SESSION_E_RPC_ERROR]error:  "Server communication failure"
	at com.documentum.fc.client.DfIOException.newCommunicationFailureException(DfIOException.java:16) ~[dfc.jar:?]
	at com.documentum.fc.client.impl.connection.docbroker.netwise.NetwiseDocbrokerRpcClientFactory.newDocbrokerRpcClient(NetwiseDocbrokerRpcClientFactory.java:44) ~[dfc.jar:?]
	at com.documentum.fc.client.impl.connection.docbroker.DocbrokerConnection.<init>(DocbrokerConnection.java:25) ~[dfc.jar:?]
	... 32 more
Caused by: java.io.IOException: NABARD
	at com.documentum.fc.client.impl.connection.docbroker.netwise.NetwiseDocbrokerRpcClientFactory.resolveHostNameCorrectly(NetwiseDocbrokerRpcClientFactory.java:362) ~[dfc.jar:?]
	at com.documentum.fc.client.impl.connection.docbroker.netwise.NetwiseDocbrokerRpcClientFactory.connect(NetwiseDocbrokerRpcClientFactory.java:125) ~[dfc.jar:?]
	at com.documentum.fc.client.impl.connection.docbroker.netwise.NetwiseDocbrokerRpcClientFactory.openSocket(NetwiseDocbrokerRpcClientFactory.java:105) ~[dfc.jar:?]
	at com.documentum.fc.client.impl.connection.docbroker.netwise.NetwiseDocbrokerRpcClientFactory.newDocbrokerRpcClient(NetwiseDocbrokerRpcClientFactory.java:40) ~[dfc.jar:?]
	at com.documentum.fc.client.impl.connection.docbroker.DocbrokerConnection.<init>(DocbrokerConnection.java:25) ~[dfc.jar:?]
	... 32 more
2026-01-29 23:31:24 WARN  RegistrationMgr - [DFC_SECURITY_GR_PUBLICATION_FAILED] Publication of DFC instance with global registry failed
com.documentum.fc.common.DfException: [DFC_BOF_GLOBAL_REGISTRY_UNAVAILABLE] Unable to connect to the global registry no session
	at com.documentum.fc.client.security.impl.DfcIdentityPublisher.<init>(DfcIdentityPublisher.java:55) ~[dfc.jar:?]
	at com.documentum.fc.client.security.internal.RegistrationMgr.register(RegistrationMgr.java:34) [dfc.jar:?]
	at com.documentum.fc.impl.RuntimeContext.<clinit>(RuntimeContext.java:205) [dfc.jar:?]
	at com.documentum.fc.client.DfClient.<clinit>(DfClient.java:792) [dfc.jar:?]
	at com.nabard.digidak.migration.DocumentumSessionManager.initSessionManager(DocumentumSessionManager.java:35) [classes/:?]
	at com.nabard.digidak.migration.DigidakExportOperation.main(DigidakExportOperation.java:538) [classes/:?]
2026-01-29 23:31:24 INFO  DocumentumSessionManager - Session Manager initialized for repository: NABARDUAT
2026-01-29 23:31:24 ERROR DigidakExportOperation - Digidak Export operation failed
com.documentum.fc.client.DfDocbrokerException: [DFC_DOCBROKER_REQUEST_FAILED] Request to Docbroker "NABARD:1489" failed
	at com.documentum.fc.client.DfDocbrokerException.newRequestFailedException(DfDocbrokerException.java:13) ~[dfc.jar:?]
	at com.documentum.fc.client.impl.connection.docbroker.DocbrokerConnection.<init>(DocbrokerConnection.java:30) ~[dfc.jar:?]
	at com.documentum.fc.client.impl.connection.docbroker.DocbrokerConnectionFactory.newDocbrokerConnection(DocbrokerConnectionFactory.java:27) ~[dfc.jar:?]
	at com.documentum.fc.client.impl.docbroker.MapBuilder.issueRequest(MapBuilder.java:27) ~[dfc.jar:?]
	at com.documentum.fc.client.impl.docbroker.ServerMapBuilder.getDataFromDocbroker(ServerMapBuilder.java:169) ~[dfc.jar:?]
	at com.documentum.fc.client.impl.docbroker.ServerMapBuilder.getMap(ServerMapBuilder.java:61) ~[dfc.jar:?]
	at com.documentum.fc.client.impl.docbroker.DocbrokerClient.getServerMap(DocbrokerClient.java:152) ~[dfc.jar:?]
	at com.documentum.fc.client.impl.connection.docbase.ServerChoiceManager.updateServerChoices(ServerChoiceManager.java:159) ~[dfc.jar:?]
	at com.documentum.fc.client.impl.connection.docbase.ServerChoiceManager.updateServerChoicesIfNecessary(ServerChoiceManager.java:148) ~[dfc.jar:?]
	at com.documentum.fc.client.impl.connection.docbase.ServerChoiceManager.getServerChoices(ServerChoiceManager.java:47) ~[dfc.jar:?]
	at com.documentum.fc.client.impl.connection.docbase.DocbaseConnection.getServerChoices(DocbaseConnection.java:285) ~[dfc.jar:?]
	at com.documentum.fc.client.impl.connection.docbase.DocbaseConnection.establishNewRpcClient(DocbaseConnection.java:239) ~[dfc.jar:?]
	at com.documentum.fc.client.impl.connection.docbase.DocbaseConnection.open(DocbaseConnection.java:138) ~[dfc.jar:?]
	at com.documentum.fc.client.impl.connection.docbase.DocbaseConnection.<init>(DocbaseConnection.java:112) ~[dfc.jar:?]
	at com.documentum.fc.client.impl.connection.docbase.DocbaseConnection.<init>(DocbaseConnection.java:72) ~[dfc.jar:?]
	at com.documentum.fc.client.impl.connection.docbase.DocbaseConnectionFactory.newDocbaseConnection(DocbaseConnectionFactory.java:32) ~[dfc.jar:?]
	at com.documentum.fc.client.impl.connection.docbase.DocbaseConnectionManager.createNewConnection(DocbaseConnectionManager.java:202) ~[dfc.jar:?]
	at com.documentum.fc.client.impl.connection.docbase.DocbaseConnectionManager.getDocbaseConnection(DocbaseConnectionManager.java:132) ~[dfc.jar:?]
	at com.documentum.fc.client.impl.session.SessionFactory.newSession(SessionFactory.java:24) ~[dfc.jar:?]
	at com.documentum.fc.client.impl.session.PrincipalAwareSessionFactory.newSession(PrincipalAwareSessionFactory.java:44) ~[dfc.jar:?]
	at com.documentum.fc.client.impl.session.PooledSessionFactory.newSession(PooledSessionFactory.java:49) ~[dfc.jar:?]
	at com.documentum.fc.client.impl.session.SessionManager.getSessionFromFactory(SessionManager.java:106) ~[dfc.jar:?]
	at com.documentum.fc.client.impl.session.SessionManager.newSession(SessionManager.java:281) ~[dfc.jar:?]
	at com.documentum.fc.client.impl.session.SessionManager.newSession(SessionManager.java:68) ~[dfc.jar:?]
	at com.documentum.fc.client.impl.session.SessionManager.getSession(SessionManager.java:190) ~[dfc.jar:?]
	at com.nabard.digidak.migration.DocumentumSessionManager.getSession(DocumentumSessionManager.java:58) ~[classes/:?]
	at com.nabard.digidak.migration.DigidakExportOperation.main(DigidakExportOperation.java:541) [classes/:?]
Caused by: com.documentum.fc.client.DfIOException: [DM_SESSION_E_RPC_ERROR]error:  "Server communication failure"
	at com.documentum.fc.client.DfIOException.newCommunicationFailureException(DfIOException.java:16) ~[dfc.jar:?]
	at com.documentum.fc.client.impl.connection.docbroker.netwise.NetwiseDocbrokerRpcClientFactory.newDocbrokerRpcClient(NetwiseDocbrokerRpcClientFactory.java:44) ~[dfc.jar:?]
	at com.documentum.fc.client.impl.connection.docbroker.DocbrokerConnection.<init>(DocbrokerConnection.java:25) ~[dfc.jar:?]
	... 25 more
Caused by: java.io.IOException: NABARD
	at com.documentum.fc.client.impl.connection.docbroker.netwise.NetwiseDocbrokerRpcClientFactory.resolveHostNameCorrectly(NetwiseDocbrokerRpcClientFactory.java:362) ~[dfc.jar:?]
	at com.documentum.fc.client.impl.connection.docbroker.netwise.NetwiseDocbrokerRpcClientFactory.connect(NetwiseDocbrokerRpcClientFactory.java:125) ~[dfc.jar:?]
	at com.documentum.fc.client.impl.connection.docbroker.netwise.NetwiseDocbrokerRpcClientFactory.openSocket(NetwiseDocbrokerRpcClientFactory.java:105) ~[dfc.jar:?]
	at com.documentum.fc.client.impl.connection.docbroker.netwise.NetwiseDocbrokerRpcClientFactory.newDocbrokerRpcClient(NetwiseDocbrokerRpcClientFactory.java:40) ~[dfc.jar:?]
	at com.documentum.fc.client.impl.connection.docbroker.DocbrokerConnection.<init>(DocbrokerConnection.java:25) ~[dfc.jar:?]
	... 25 more
2026-01-29 23:33:16 INFO  DigidakExportOperation - ====================================================================================================
2026-01-29 23:33:16 INFO  DigidakExportOperation - Starting Digidak Export Operation
2026-01-29 23:33:16 INFO  DigidakExportOperation - Repository: NABARDUAT
2026-01-29 23:33:16 INFO  DigidakExportOperation - User: dmadmin
2026-01-29 23:33:16 INFO  DigidakExportOperation - Where Clause: DATETOSTRING("r_creation_date", 'yyyy')='2017'
2026-01-29 23:33:16 INFO  DigidakExportOperation - Export Path: C:/DigidakMigration/UAT Export Digidak
2026-01-29 23:33:16 INFO  DigidakExportOperation - Thread Count: 10
2026-01-29 23:33:16 INFO  DigidakExportOperation - Timeout (Hours): 24
2026-01-29 23:33:16 INFO  DigidakExportOperation - ====================================================================================================
2026-01-29 23:33:17 INFO  JKSKeystoreUtilForDfc - keystore file name is D:\MigrationUtil\DigidakMigration\target\classes\dfc.keystore
2026-01-29 23:33:17 INFO  InitializeKeystoreForDfc - [DFC_SECURITY_IDENTITY_LOADED] Loaded identity from keystore, DFC alias=dfc, identity=dfc_kOX9LtlEqM9osUejU0w2ecU7tb4a
2026-01-29 23:33:17 INFO  AuthenticationMgrForDfc - identity for authentication is dfc_kOX9LtlEqM9osUejU0w2ecU7tb4a
2026-01-29 23:33:17 INFO  RuntimeContext - DFC Version is 21.4.0000.0147
2026-01-29 23:33:17 INFO  ClassCacheManager$CacheCleanupTask - [DFC_BOF_RUNNING_CLEANUP] Running class cache cleanup task
2026-01-29 23:33:29 INFO  DocbaseConnection - Object protocol version 2
2026-01-29 23:33:30 INFO  AuthenticationMgr - new identity bundle <dfc_kOX9LtlEqM9osUejU0w2ecU7tb4a	1769709810	fosasoft		b9XdJEt9E+IxDi2TYR0VsV8BZM+bPtdiZogdGzGVxrZ2b+/ltn2TlA0xfDglQgfxaBMwNxUolCI/92kGXLLkoe9yiMVHVNDQ98FdMA0d+3juagcavdLt0Pe0NlqPFG6l+e/A7JSxknjNr33BkealxDbBK85b8YM6EqWjXGtCs4Q0EAmxEnr5hKika1FBuTxVjq83SwGovPE/XGuKpRA7P3ufZGITqTvq+FiEtFR7+A0LVKCTH1vRdde2laW6YrclwBe6m3kLxoGYnFZSI4HPaST9udS/IRvfZLIONunEnPC+4JR1Hv1dPKgdGfuThwG1S6zt5+9g4s7P4v/38YKK3A==>
2026-01-29 23:33:31 WARN  ModuleManager - [DFC_BOF_COULDNT_CONNECT_TO_REGISTRY] Unable to connect to module registry, docbase name NABARDUAT username dm_bof_registry.
com.documentum.fc.client.DfAuthenticationException: [DM_SESSION_E_AUTH_FAIL]error:  "Authentication failed for user dm_bof_registry with docbase NABARDUAT."
	at com.documentum.fc.client.impl.docbase.DocbaseExceptionMapper.newException(DocbaseExceptionMapper.java:52) ~[dfc.jar:?]
	at com.documentum.fc.client.impl.connection.docbase.MessageEntry.getException(MessageEntry.java:39) ~[dfc.jar:?]
	at com.documentum.fc.client.impl.connection.docbase.DocbaseMessageManager.getException(DocbaseMessageManager.java:137) ~[dfc.jar:?]
	at com.documentum.fc.client.impl.connection.docbase.netwise.NetwiseDocbaseRpcClient.checkForMessages(NetwiseDocbaseRpcClient.java:332) ~[dfc.jar:?]
	at com.documentum.fc.client.impl.connection.docbase.netwise.NetwiseDocbaseRpcClient.applyForObject(NetwiseDocbaseRpcClient.java:680) ~[dfc.jar:?]
	at com.documentum.fc.client.impl.connection.docbase.DocbaseConnection$8.evaluate(DocbaseConnection.java:1575) ~[dfc.jar:?]
	at com.documentum.fc.client.impl.connection.docbase.DocbaseConnection.evaluateRpc(DocbaseConnection.java:1277) ~[dfc.jar:?]
	at com.documentum.fc.client.impl.connection.docbase.DocbaseConnection.applyForObject(DocbaseConnection.java:1567) ~[dfc.jar:?]
	at com.documentum.fc.client.impl.docbase.DocbaseApi.authenticateUser(DocbaseApi.java:1894) ~[dfc.jar:?]
	at com.documentum.fc.client.impl.connection.docbase.DocbaseConnection.authenticate(DocbaseConnection.java:463) ~[dfc.jar:?]
	at com.documentum.fc.client.impl.connection.docbase.DocbaseConnection.open(DocbaseConnection.java:143) ~[dfc.jar:?]
	at com.documentum.fc.client.impl.connection.docbase.DocbaseConnection.<init>(DocbaseConnection.java:112) ~[dfc.jar:?]
	at com.documentum.fc.client.impl.connection.docbase.DocbaseConnection.<init>(DocbaseConnection.java:72) ~[dfc.jar:?]
	at com.documentum.fc.client.impl.connection.docbase.DocbaseConnectionFactory.newDocbaseConnection(DocbaseConnectionFactory.java:32) ~[dfc.jar:?]
	at com.documentum.fc.client.impl.connection.docbase.DocbaseConnectionManager.createNewConnection(DocbaseConnectionManager.java:202) ~[dfc.jar:?]
	at com.documentum.fc.client.impl.connection.docbase.DocbaseConnectionManager.getDocbaseConnection(DocbaseConnectionManager.java:132) ~[dfc.jar:?]
	at com.documentum.fc.client.impl.session.SessionFactory.newSession(SessionFactory.java:24) ~[dfc.jar:?]
	at com.documentum.fc.client.impl.session.PrincipalAwareSessionFactory.newSession(PrincipalAwareSessionFactory.java:44) ~[dfc.jar:?]
	at com.documentum.fc.client.impl.session.PooledSessionFactory.newSession(PooledSessionFactory.java:49) ~[dfc.jar:?]
	at com.documentum.fc.client.impl.session.SessionManager.getSessionFromFactory(SessionManager.java:106) ~[dfc.jar:?]
	at com.documentum.fc.client.impl.session.SessionManager.newSession(SessionManager.java:281) ~[dfc.jar:?]
	at com.documentum.fc.client.impl.session.SessionManager.newSession(SessionManager.java:68) ~[dfc.jar:?]
	at com.documentum.fc.client.impl.session.SessionManager.getSession(SessionManager.java:190) ~[dfc.jar:?]
	at com.documentum.fc.client.impl.bof.classmgmt.ModuleManager.connect(ModuleManager.java:402) [dfc.jar:?]
	at com.documentum.fc.client.impl.bof.classmgmt.ModuleManager.init(ModuleManager.java:357) [dfc.jar:?]
	at com.documentum.fc.client.impl.bof.classmgmt.ModuleManager.getInstance(ModuleManager.java:43) [dfc.jar:?]
	at com.documentum.fc.client.security.impl.DfcIdentityPublisher.<init>(DfcIdentityPublisher.java:44) [dfc.jar:?]
	at com.documentum.fc.client.security.internal.RegistrationMgr.register(RegistrationMgr.java:34) [dfc.jar:?]
	at com.documentum.fc.impl.RuntimeContext.<clinit>(RuntimeContext.java:205) [dfc.jar:?]
	at com.documentum.fc.client.DfClient.<clinit>(DfClient.java:792) [dfc.jar:?]
	at com.nabard.digidak.migration.DocumentumSessionManager.initSessionManager(DocumentumSessionManager.java:35) [classes/:?]
	at com.nabard.digidak.migration.DigidakExportOperation.main(DigidakExportOperation.java:538) [classes/:?]
2026-01-29 23:33:31 WARN  RegistrationMgr - [DFC_SECURITY_GR_PUBLICATION_FAILED] Publication of DFC instance with global registry failed
com.documentum.fc.common.DfException: [DFC_BOF_GLOBAL_REGISTRY_UNAVAILABLE] Unable to connect to the global registry no session
	at com.documentum.fc.client.security.impl.DfcIdentityPublisher.<init>(DfcIdentityPublisher.java:55) ~[dfc.jar:?]
	at com.documentum.fc.client.security.internal.RegistrationMgr.register(RegistrationMgr.java:34) [dfc.jar:?]
	at com.documentum.fc.impl.RuntimeContext.<clinit>(RuntimeContext.java:205) [dfc.jar:?]
	at com.documentum.fc.client.DfClient.<clinit>(DfClient.java:792) [dfc.jar:?]
	at com.nabard.digidak.migration.DocumentumSessionManager.initSessionManager(DocumentumSessionManager.java:35) [classes/:?]
	at com.nabard.digidak.migration.DigidakExportOperation.main(DigidakExportOperation.java:538) [classes/:?]
2026-01-29 23:33:31 INFO  DocumentumSessionManager - Session Manager initialized for repository: NABARDUAT
2026-01-29 23:33:43 INFO  DocbaseConnection - Object protocol version 2
2026-01-29 23:33:46 INFO  DigidakExportOperation - Session created. Connected to Docbase: NABARDUAT
2026-01-29 23:33:46 INFO  DigidakExportOperation - Executing Keywords Query: SELECT DISTINCT r_object_id, keywords FROM edmapp_letter_folder WHERE ANY keywords IS NOT NULL AND DATETOSTRING("r_creation_date", 'yyyy')='2017' ENABLE (ROW_BASED)
2026-01-29 23:33:50 ERROR DigidakExportOperation - Error in extractDigidakKeywordsCSV
com.documentum.fc.common.DfException: [DM_QUERY_E_TYPE_PREDICATE]error:  "You have specified a type predicate (repeating attribute (any)), but no type was specified in the FROM clause of this query."
	at com.documentum.fc.client.impl.docbase.DocbaseExceptionMapper.newException(DocbaseExceptionMapper.java:57) ~[dfc.jar:?]
	at com.documentum.fc.client.impl.connection.docbase.MessageEntry.getException(MessageEntry.java:39) ~[dfc.jar:?]
	at com.documentum.fc.client.impl.connection.docbase.DocbaseMessageManager.getException(DocbaseMessageManager.java:137) ~[dfc.jar:?]
	at com.documentum.fc.client.impl.connection.docbase.netwise.NetwiseDocbaseRpcClient.checkForMessages(NetwiseDocbaseRpcClient.java:332) ~[dfc.jar:?]
	at com.documentum.fc.client.impl.connection.docbase.netwise.NetwiseDocbaseRpcClient.applyForCollection(NetwiseDocbaseRpcClient.java:457) ~[dfc.jar:?]
	at com.documentum.fc.client.impl.connection.docbase.DocbaseConnection$3.evaluate(DocbaseConnection.java:1472) ~[dfc.jar:?]
	at com.documentum.fc.client.impl.connection.docbase.DocbaseConnection.evaluateRpc(DocbaseConnection.java:1277) ~[dfc.jar:?]
	at com.documentum.fc.client.impl.connection.docbase.DocbaseConnection.applyForCollection(DocbaseConnection.java:1460) ~[dfc.jar:?]
	at com.documentum.fc.client.impl.docbase.DocbaseApi.exec(DocbaseApi.java:84) ~[dfc.jar:?]
	at com.documentum.fc.client.impl.session.Session.query(Session.java:3670) ~[dfc.jar:?]
	at com.documentum.fc.client.impl.session.SessionHandle.query(SessionHandle.java:2322) ~[dfc.jar:?]
	at com.documentum.fc.client.DfQuery.runQuery(DfQuery.java:168) ~[dfc.jar:?]
	at com.documentum.fc.client.DfQuery.execute(DfQuery.java:211) ~[dfc.jar:?]
	at com.nabard.digidak.migration.DigidakExportOperation.extractDigidakKeywordsCSV(DigidakExportOperation.java:210) [classes/:?]
	at com.nabard.digidak.migration.DigidakExportOperation.main(DigidakExportOperation.java:546) [classes/:?]
2026-01-29 23:33:50 INFO  DigidakExportOperation - Executing Query: SELECT distinct r_object_id, object_name, subject, r_creator_name, r_creation_date, years, ho_ro, status, letter_type, language_type, file_number, functions, department, department_short_code, priority, letter_number FROM edmapp_letter_folder WHERE DATETOSTRING("r_creation_date", 'yyyy')='2017'
2026-01-29 23:33:51 ERROR DigidakExportOperation - Error in extractDigidakMetaDataCSV
com.documentum.fc.common.DfException: [DM_QUERY2_E_TABLE_NOT_FOUND]error:  "The database table or view was not found in the database. Error from the database was: ' -- The database object is invalid --  STATE=42S02, CODE=208, MSG=[Microsoft][ODBC SQL Server Driver][SQL Server]Invalid object name 'dbo.edmapp_letter_folder'.
'"
	at com.documentum.fc.client.impl.docbase.DocbaseExceptionMapper.newException(DocbaseExceptionMapper.java:57) ~[dfc.jar:?]
	at com.documentum.fc.client.impl.connection.docbase.MessageEntry.getException(MessageEntry.java:39) ~[dfc.jar:?]
	at com.documentum.fc.client.impl.connection.docbase.DocbaseMessageManager.getException(DocbaseMessageManager.java:137) ~[dfc.jar:?]
	at com.documentum.fc.client.impl.connection.docbase.netwise.NetwiseDocbaseRpcClient.checkForMessages(NetwiseDocbaseRpcClient.java:332) ~[dfc.jar:?]
	at com.documentum.fc.client.impl.connection.docbase.netwise.NetwiseDocbaseRpcClient.applyForCollection(NetwiseDocbaseRpcClient.java:457) ~[dfc.jar:?]
	at com.documentum.fc.client.impl.connection.docbase.DocbaseConnection$3.evaluate(DocbaseConnection.java:1472) ~[dfc.jar:?]
	at com.documentum.fc.client.impl.connection.docbase.DocbaseConnection.evaluateRpc(DocbaseConnection.java:1277) ~[dfc.jar:?]
	at com.documentum.fc.client.impl.connection.docbase.DocbaseConnection.applyForCollection(DocbaseConnection.java:1460) ~[dfc.jar:?]
	at com.documentum.fc.client.impl.docbase.DocbaseApi.exec(DocbaseApi.java:84) ~[dfc.jar:?]
	at com.documentum.fc.client.impl.session.Session.query(Session.java:3670) ~[dfc.jar:?]
	at com.documentum.fc.client.impl.session.SessionHandle.query(SessionHandle.java:2322) ~[dfc.jar:?]
	at com.documentum.fc.client.DfQuery.runQuery(DfQuery.java:168) ~[dfc.jar:?]
	at com.documentum.fc.client.DfQuery.execute(DfQuery.java:211) ~[dfc.jar:?]
	at com.nabard.digidak.migration.DigidakExportOperation.extractDigidakMetaDataCSV(DigidakExportOperation.java:65) [classes/:?]
	at com.nabard.digidak.migration.DigidakExportOperation.main(DigidakExportOperation.java:547) [classes/:?]
2026-01-29 23:33:51 INFO  DigidakExportOperation - ====================================================================================================
2026-01-29 23:33:51 INFO  DigidakExportOperation - Digidak Export Completed Successfully
2026-01-29 23:33:51 INFO  DigidakExportOperation - Total Execution Time: 0 min 34 sec (34504 ms)
2026-01-29 23:33:51 INFO  DigidakExportOperation - ====================================================================================================
