2026-02-03 15:43:11 INFO  DigidakExportOperation:533 - ====================================================================================================
2026-02-03 15:43:11 INFO  DigidakExportOperation:535 - Starting Digidak Export Operation
2026-02-03 15:43:11 INFO  DigidakExportOperation:536 - Repository: NABARDUAT
2026-02-03 15:43:11 INFO  DigidakExportOperation:537 - User: dmadmin
2026-02-03 15:43:11 INFO  DigidakExportOperation:538 - Where Clause: DATETOSTRING("r_creation_date", 'yyyy')='2024'
2026-02-03 15:43:11 INFO  DigidakExportOperation:539 - Export Path: C:/DigidakMigration/UAT Export Digidak
2026-02-03 15:43:11 INFO  DigidakExportOperation:540 - Thread Count: 10
2026-02-03 15:43:11 INFO  DigidakExportOperation:541 - Timeout (Hours): 24
2026-02-03 15:43:11 INFO  DigidakExportOperation:542 - ====================================================================================================
2026-02-03 15:43:15 WARN  ModuleManager:176 - [DFC_BOF_COULDNT_CONNECT_TO_REGISTRY] Unable to connect to module registry, docbase name NABARDUAT username dm_bof_registry.
com.documentum.fc.client.DfDocbrokerException: [DFC_DOCBROKER_REQUEST_FAILED] Request to Docbroker "WSMUMUATCONT:1489" failed
	at com.documentum.fc.client.DfDocbrokerException.newRequestFailedException(DfDocbrokerException.java:13) ~[dfc.jar:?]
	at com.documentum.fc.client.impl.connection.docbroker.DocbrokerConnection.<init>(DocbrokerConnection.java:30) ~[dfc.jar:?]
	at com.documentum.fc.client.impl.connection.docbroker.DocbrokerConnectionFactory.newDocbrokerConnection(DocbrokerConnectionFactory.java:27) ~[dfc.jar:?]
	at com.documentum.fc.client.impl.docbroker.MapBuilder.issueRequest(MapBuilder.java:27) ~[dfc.jar:?]
	at com.documentum.fc.client.impl.docbroker.ServerMapBuilder.getDataFromDocbroker(ServerMapBuilder.java:169) ~[dfc.jar:?]
	at com.documentum.fc.client.impl.docbroker.ServerMapBuilder.getMap(ServerMapBuilder.java:61) ~[dfc.jar:?]
	at com.documentum.fc.client.impl.docbroker.DocbrokerClient.getServerMap(DocbrokerClient.java:152) ~[dfc.jar:?]
	at com.documentum.fc.client.impl.connection.docbase.ServerChoiceManager.updateServerChoices(ServerChoiceManager.java:159) ~[dfc.jar:?]
	at com.documentum.fc.client.impl.connection.docbase.ServerChoiceManager.updateServerChoicesIfNecessary(ServerChoiceManager.java:148) ~[dfc.jar:?]
	at com.documentum.fc.client.impl.connection.docbase.ServerChoiceManager.getServerChoices(ServerChoiceManager.java:47) ~[dfc.jar:?]
	at com.documentum.fc.client.impl.connection.docbase.DocbaseConnection.getServerChoices(DocbaseConnection.java:285) ~[dfc.jar:?]
	at com.documentum.fc.client.impl.connection.docbase.DocbaseConnection.establishNewRpcClient(DocbaseConnection.java:239) ~[dfc.jar:?]
	at com.documentum.fc.client.impl.connection.docbase.DocbaseConnection.open(DocbaseConnection.java:138) ~[dfc.jar:?]
	at com.documentum.fc.client.impl.connection.docbase.DocbaseConnection.<init>(DocbaseConnection.java:112) ~[dfc.jar:?]
	at com.documentum.fc.client.impl.connection.docbase.DocbaseConnection.<init>(DocbaseConnection.java:72) ~[dfc.jar:?]
	at com.documentum.fc.client.impl.connection.docbase.DocbaseConnectionFactory.newDocbaseConnection(DocbaseConnectionFactory.java:32) ~[dfc.jar:?]
	at com.documentum.fc.client.impl.connection.docbase.DocbaseConnectionManager.createNewConnection(DocbaseConnectionManager.java:202) ~[dfc.jar:?]
	at com.documentum.fc.client.impl.connection.docbase.DocbaseConnectionManager.getDocbaseConnection(DocbaseConnectionManager.java:132) ~[dfc.jar:?]
	at com.documentum.fc.client.impl.session.SessionFactory.newSession(SessionFactory.java:24) ~[dfc.jar:?]
	at com.documentum.fc.client.impl.session.PrincipalAwareSessionFactory.newSession(PrincipalAwareSessionFactory.java:44) ~[dfc.jar:?]
	at com.documentum.fc.client.impl.session.PooledSessionFactory.newSession(PooledSessionFactory.java:49) ~[dfc.jar:?]
	at com.documentum.fc.client.impl.session.SessionManager.getSessionFromFactory(SessionManager.java:106) ~[dfc.jar:?]
	at com.documentum.fc.client.impl.session.SessionManager.newSession(SessionManager.java:281) ~[dfc.jar:?]
	at com.documentum.fc.client.impl.session.SessionManager.newSession(SessionManager.java:68) ~[dfc.jar:?]
	at com.documentum.fc.client.impl.session.SessionManager.getSession(SessionManager.java:190) ~[dfc.jar:?]
	at com.documentum.fc.client.impl.bof.classmgmt.ModuleManager.connect(ModuleManager.java:402) [dfc.jar:?]
	at com.documentum.fc.client.impl.bof.classmgmt.ModuleManager.init(ModuleManager.java:357) [dfc.jar:?]
	at com.documentum.fc.client.impl.bof.classmgmt.ModuleManager.getInstance(ModuleManager.java:43) [dfc.jar:?]
	at com.documentum.fc.client.security.impl.DfcIdentityPublisher.<init>(DfcIdentityPublisher.java:44) [dfc.jar:?]
	at com.documentum.fc.client.security.internal.RegistrationMgr.register(RegistrationMgr.java:34) [dfc.jar:?]
	at com.documentum.fc.impl.RuntimeContext.<clinit>(RuntimeContext.java:205) [dfc.jar:?]
	at com.documentum.fc.client.DfClient.<clinit>(DfClient.java:792) [dfc.jar:?]
	at com.nabard.digidak.migration.DocumentumSessionManager.initSessionManager(DocumentumSessionManager.java:35) [classes/:?]
	at com.nabard.digidak.migration.DigidakExportOperation.main(DigidakExportOperation.java:573) [classes/:?]
Caused by: com.documentum.fc.client.DfIOException: [DM_SESSION_E_RPC_ERROR]error:  "Server communication failure"
	at com.documentum.fc.client.DfIOException.newCommunicationFailureException(DfIOException.java:16) ~[dfc.jar:?]
	at com.documentum.fc.client.impl.connection.docbroker.netwise.NetwiseDocbrokerRpcClientFactory.newDocbrokerRpcClient(NetwiseDocbrokerRpcClientFactory.java:44) ~[dfc.jar:?]
	at com.documentum.fc.client.impl.connection.docbroker.DocbrokerConnection.<init>(DocbrokerConnection.java:25) ~[dfc.jar:?]
	... 32 more
Caused by: java.io.IOException: WSMUMUATCONT
	at com.documentum.fc.client.impl.connection.docbroker.netwise.NetwiseDocbrokerRpcClientFactory.resolveHostNameCorrectly(NetwiseDocbrokerRpcClientFactory.java:362) ~[dfc.jar:?]
	at com.documentum.fc.client.impl.connection.docbroker.netwise.NetwiseDocbrokerRpcClientFactory.connect(NetwiseDocbrokerRpcClientFactory.java:125) ~[dfc.jar:?]
	at com.documentum.fc.client.impl.connection.docbroker.netwise.NetwiseDocbrokerRpcClientFactory.openSocket(NetwiseDocbrokerRpcClientFactory.java:105) ~[dfc.jar:?]
	at com.documentum.fc.client.impl.connection.docbroker.netwise.NetwiseDocbrokerRpcClientFactory.newDocbrokerRpcClient(NetwiseDocbrokerRpcClientFactory.java:40) ~[dfc.jar:?]
	at com.documentum.fc.client.impl.connection.docbroker.DocbrokerConnection.<init>(DocbrokerConnection.java:25) ~[dfc.jar:?]
	... 32 more
2026-02-03 15:43:15 WARN  RegistrationMgr:176 - [DFC_SECURITY_GR_PUBLICATION_FAILED] Publication of DFC instance with global registry failed
com.documentum.fc.common.DfException: [DFC_BOF_GLOBAL_REGISTRY_UNAVAILABLE] Unable to connect to the global registry no session
	at com.documentum.fc.client.security.impl.DfcIdentityPublisher.<init>(DfcIdentityPublisher.java:55) ~[dfc.jar:?]
	at com.documentum.fc.client.security.internal.RegistrationMgr.register(RegistrationMgr.java:34) [dfc.jar:?]
	at com.documentum.fc.impl.RuntimeContext.<clinit>(RuntimeContext.java:205) [dfc.jar:?]
	at com.documentum.fc.client.DfClient.<clinit>(DfClient.java:792) [dfc.jar:?]
	at com.nabard.digidak.migration.DocumentumSessionManager.initSessionManager(DocumentumSessionManager.java:35) [classes/:?]
	at com.nabard.digidak.migration.DigidakExportOperation.main(DigidakExportOperation.java:573) [classes/:?]
2026-02-03 15:43:15 INFO  DocumentumSessionManager:43 - Session Manager initialized for repository: NABARDUAT
2026-02-03 15:43:15 ERROR DigidakExportOperation:601 - Digidak Export operation failed
com.documentum.fc.client.DfDocbrokerException: [DFC_DOCBROKER_REQUEST_FAILED] Request to Docbroker "WSMUMUATCONT:1489" failed
	at com.documentum.fc.client.DfDocbrokerException.newRequestFailedException(DfDocbrokerException.java:13) ~[dfc.jar:?]
	at com.documentum.fc.client.impl.connection.docbroker.DocbrokerConnection.<init>(DocbrokerConnection.java:30) ~[dfc.jar:?]
	at com.documentum.fc.client.impl.connection.docbroker.DocbrokerConnectionFactory.newDocbrokerConnection(DocbrokerConnectionFactory.java:27) ~[dfc.jar:?]
	at com.documentum.fc.client.impl.docbroker.MapBuilder.issueRequest(MapBuilder.java:27) ~[dfc.jar:?]
	at com.documentum.fc.client.impl.docbroker.ServerMapBuilder.getDataFromDocbroker(ServerMapBuilder.java:169) ~[dfc.jar:?]
	at com.documentum.fc.client.impl.docbroker.ServerMapBuilder.getMap(ServerMapBuilder.java:61) ~[dfc.jar:?]
	at com.documentum.fc.client.impl.docbroker.DocbrokerClient.getServerMap(DocbrokerClient.java:152) ~[dfc.jar:?]
	at com.documentum.fc.client.impl.connection.docbase.ServerChoiceManager.updateServerChoices(ServerChoiceManager.java:159) ~[dfc.jar:?]
	at com.documentum.fc.client.impl.connection.docbase.ServerChoiceManager.updateServerChoicesIfNecessary(ServerChoiceManager.java:148) ~[dfc.jar:?]
	at com.documentum.fc.client.impl.connection.docbase.ServerChoiceManager.getServerChoices(ServerChoiceManager.java:47) ~[dfc.jar:?]
	at com.documentum.fc.client.impl.connection.docbase.DocbaseConnection.getServerChoices(DocbaseConnection.java:285) ~[dfc.jar:?]
	at com.documentum.fc.client.impl.connection.docbase.DocbaseConnection.establishNewRpcClient(DocbaseConnection.java:239) ~[dfc.jar:?]
	at com.documentum.fc.client.impl.connection.docbase.DocbaseConnection.open(DocbaseConnection.java:138) ~[dfc.jar:?]
	at com.documentum.fc.client.impl.connection.docbase.DocbaseConnection.<init>(DocbaseConnection.java:112) ~[dfc.jar:?]
	at com.documentum.fc.client.impl.connection.docbase.DocbaseConnection.<init>(DocbaseConnection.java:72) ~[dfc.jar:?]
	at com.documentum.fc.client.impl.connection.docbase.DocbaseConnectionFactory.newDocbaseConnection(DocbaseConnectionFactory.java:32) ~[dfc.jar:?]
	at com.documentum.fc.client.impl.connection.docbase.DocbaseConnectionManager.createNewConnection(DocbaseConnectionManager.java:202) ~[dfc.jar:?]
	at com.documentum.fc.client.impl.connection.docbase.DocbaseConnectionManager.getDocbaseConnection(DocbaseConnectionManager.java:132) ~[dfc.jar:?]
	at com.documentum.fc.client.impl.session.SessionFactory.newSession(SessionFactory.java:24) ~[dfc.jar:?]
	at com.documentum.fc.client.impl.session.PrincipalAwareSessionFactory.newSession(PrincipalAwareSessionFactory.java:44) ~[dfc.jar:?]
	at com.documentum.fc.client.impl.session.PooledSessionFactory.newSession(PooledSessionFactory.java:49) ~[dfc.jar:?]
	at com.documentum.fc.client.impl.session.SessionManager.getSessionFromFactory(SessionManager.java:106) ~[dfc.jar:?]
	at com.documentum.fc.client.impl.session.SessionManager.newSession(SessionManager.java:281) ~[dfc.jar:?]
	at com.documentum.fc.client.impl.session.SessionManager.newSession(SessionManager.java:68) ~[dfc.jar:?]
	at com.documentum.fc.client.impl.session.SessionManager.getSession(SessionManager.java:190) ~[dfc.jar:?]
	at com.nabard.digidak.migration.DocumentumSessionManager.getSession(DocumentumSessionManager.java:58) ~[classes/:?]
	at com.nabard.digidak.migration.DigidakExportOperation.main(DigidakExportOperation.java:576) [classes/:?]
Caused by: com.documentum.fc.client.DfIOException: [DM_SESSION_E_RPC_ERROR]error:  "Server communication failure"
	at com.documentum.fc.client.DfIOException.newCommunicationFailureException(DfIOException.java:16) ~[dfc.jar:?]
	at com.documentum.fc.client.impl.connection.docbroker.netwise.NetwiseDocbrokerRpcClientFactory.newDocbrokerRpcClient(NetwiseDocbrokerRpcClientFactory.java:44) ~[dfc.jar:?]
	at com.documentum.fc.client.impl.connection.docbroker.DocbrokerConnection.<init>(DocbrokerConnection.java:25) ~[dfc.jar:?]
	... 25 more
Caused by: java.io.IOException: WSMUMUATCONT
	at com.documentum.fc.client.impl.connection.docbroker.netwise.NetwiseDocbrokerRpcClientFactory.resolveHostNameCorrectly(NetwiseDocbrokerRpcClientFactory.java:362) ~[dfc.jar:?]
	at com.documentum.fc.client.impl.connection.docbroker.netwise.NetwiseDocbrokerRpcClientFactory.connect(NetwiseDocbrokerRpcClientFactory.java:125) ~[dfc.jar:?]
	at com.documentum.fc.client.impl.connection.docbroker.netwise.NetwiseDocbrokerRpcClientFactory.openSocket(NetwiseDocbrokerRpcClientFactory.java:105) ~[dfc.jar:?]
	at com.documentum.fc.client.impl.connection.docbroker.netwise.NetwiseDocbrokerRpcClientFactory.newDocbrokerRpcClient(NetwiseDocbrokerRpcClientFactory.java:40) ~[dfc.jar:?]
	at com.documentum.fc.client.impl.connection.docbroker.DocbrokerConnection.<init>(DocbrokerConnection.java:25) ~[dfc.jar:?]
	... 25 more
2026-02-03 15:44:35 INFO  DigidakExportOperation:533 - ====================================================================================================
2026-02-03 15:44:35 INFO  DigidakExportOperation:535 - Starting Digidak Export Operation
2026-02-03 15:44:35 INFO  DigidakExportOperation:536 - Repository: NABARDUAT
2026-02-03 15:44:35 INFO  DigidakExportOperation:537 - User: dmadmin
2026-02-03 15:44:35 INFO  DigidakExportOperation:538 - Where Clause: DATETOSTRING("r_creation_date", 'yyyy')='2024'
2026-02-03 15:44:35 INFO  DigidakExportOperation:539 - Export Path: C:/DigidakMigration/UAT Export Digidak
2026-02-03 15:44:35 INFO  DigidakExportOperation:540 - Thread Count: 10
2026-02-03 15:44:35 INFO  DigidakExportOperation:541 - Timeout (Hours): 24
2026-02-03 15:44:35 INFO  DigidakExportOperation:542 - ====================================================================================================
2026-02-03 15:44:39 WARN  ModuleManager:176 - [DFC_BOF_COULDNT_CONNECT_TO_REGISTRY] Unable to connect to module registry, docbase name NABARDUAT username dm_bof_registry.
com.documentum.fc.client.DfDocbrokerException: [DFC_DOCBROKER_REQUEST_FAILED] Request to Docbroker "WSMUMUATCONT:1489" failed
	at com.documentum.fc.client.DfDocbrokerException.newRequestFailedException(DfDocbrokerException.java:13) ~[dfc.jar:?]
	at com.documentum.fc.client.impl.connection.docbroker.DocbrokerConnection.<init>(DocbrokerConnection.java:30) ~[dfc.jar:?]
	at com.documentum.fc.client.impl.connection.docbroker.DocbrokerConnectionFactory.newDocbrokerConnection(DocbrokerConnectionFactory.java:27) ~[dfc.jar:?]
	at com.documentum.fc.client.impl.docbroker.MapBuilder.issueRequest(MapBuilder.java:27) ~[dfc.jar:?]
	at com.documentum.fc.client.impl.docbroker.ServerMapBuilder.getDataFromDocbroker(ServerMapBuilder.java:169) ~[dfc.jar:?]
	at com.documentum.fc.client.impl.docbroker.ServerMapBuilder.getMap(ServerMapBuilder.java:61) ~[dfc.jar:?]
	at com.documentum.fc.client.impl.docbroker.DocbrokerClient.getServerMap(DocbrokerClient.java:152) ~[dfc.jar:?]
	at com.documentum.fc.client.impl.connection.docbase.ServerChoiceManager.updateServerChoices(ServerChoiceManager.java:159) ~[dfc.jar:?]
	at com.documentum.fc.client.impl.connection.docbase.ServerChoiceManager.updateServerChoicesIfNecessary(ServerChoiceManager.java:148) ~[dfc.jar:?]
	at com.documentum.fc.client.impl.connection.docbase.ServerChoiceManager.getServerChoices(ServerChoiceManager.java:47) ~[dfc.jar:?]
	at com.documentum.fc.client.impl.connection.docbase.DocbaseConnection.getServerChoices(DocbaseConnection.java:285) ~[dfc.jar:?]
	at com.documentum.fc.client.impl.connection.docbase.DocbaseConnection.establishNewRpcClient(DocbaseConnection.java:239) ~[dfc.jar:?]
	at com.documentum.fc.client.impl.connection.docbase.DocbaseConnection.open(DocbaseConnection.java:138) ~[dfc.jar:?]
	at com.documentum.fc.client.impl.connection.docbase.DocbaseConnection.<init>(DocbaseConnection.java:112) ~[dfc.jar:?]
	at com.documentum.fc.client.impl.connection.docbase.DocbaseConnection.<init>(DocbaseConnection.java:72) ~[dfc.jar:?]
	at com.documentum.fc.client.impl.connection.docbase.DocbaseConnectionFactory.newDocbaseConnection(DocbaseConnectionFactory.java:32) ~[dfc.jar:?]
	at com.documentum.fc.client.impl.connection.docbase.DocbaseConnectionManager.createNewConnection(DocbaseConnectionManager.java:202) ~[dfc.jar:?]
	at com.documentum.fc.client.impl.connection.docbase.DocbaseConnectionManager.getDocbaseConnection(DocbaseConnectionManager.java:132) ~[dfc.jar:?]
	at com.documentum.fc.client.impl.session.SessionFactory.newSession(SessionFactory.java:24) ~[dfc.jar:?]
	at com.documentum.fc.client.impl.session.PrincipalAwareSessionFactory.newSession(PrincipalAwareSessionFactory.java:44) ~[dfc.jar:?]
	at com.documentum.fc.client.impl.session.PooledSessionFactory.newSession(PooledSessionFactory.java:49) ~[dfc.jar:?]
	at com.documentum.fc.client.impl.session.SessionManager.getSessionFromFactory(SessionManager.java:106) ~[dfc.jar:?]
	at com.documentum.fc.client.impl.session.SessionManager.newSession(SessionManager.java:281) ~[dfc.jar:?]
	at com.documentum.fc.client.impl.session.SessionManager.newSession(SessionManager.java:68) ~[dfc.jar:?]
	at com.documentum.fc.client.impl.session.SessionManager.getSession(SessionManager.java:190) ~[dfc.jar:?]
	at com.documentum.fc.client.impl.bof.classmgmt.ModuleManager.connect(ModuleManager.java:402) [dfc.jar:?]
	at com.documentum.fc.client.impl.bof.classmgmt.ModuleManager.init(ModuleManager.java:357) [dfc.jar:?]
	at com.documentum.fc.client.impl.bof.classmgmt.ModuleManager.getInstance(ModuleManager.java:43) [dfc.jar:?]
	at com.documentum.fc.client.security.impl.DfcIdentityPublisher.<init>(DfcIdentityPublisher.java:44) [dfc.jar:?]
	at com.documentum.fc.client.security.internal.RegistrationMgr.register(RegistrationMgr.java:34) [dfc.jar:?]
	at com.documentum.fc.impl.RuntimeContext.<clinit>(RuntimeContext.java:205) [dfc.jar:?]
	at com.documentum.fc.client.DfClient.<clinit>(DfClient.java:792) [dfc.jar:?]
	at com.nabard.digidak.migration.DocumentumSessionManager.initSessionManager(DocumentumSessionManager.java:35) [classes/:?]
	at com.nabard.digidak.migration.DigidakExportOperation.main(DigidakExportOperation.java:573) [classes/:?]
Caused by: com.documentum.fc.client.DfIOException: [DM_SESSION_E_RPC_ERROR]error:  "Server communication failure"
	at com.documentum.fc.client.DfIOException.newCommunicationFailureException(DfIOException.java:16) ~[dfc.jar:?]
	at com.documentum.fc.client.impl.connection.docbroker.netwise.NetwiseDocbrokerRpcClientFactory.newDocbrokerRpcClient(NetwiseDocbrokerRpcClientFactory.java:44) ~[dfc.jar:?]
	at com.documentum.fc.client.impl.connection.docbroker.DocbrokerConnection.<init>(DocbrokerConnection.java:25) ~[dfc.jar:?]
	... 32 more
Caused by: java.io.IOException: WSMUMUATCONT
	at com.documentum.fc.client.impl.connection.docbroker.netwise.NetwiseDocbrokerRpcClientFactory.resolveHostNameCorrectly(NetwiseDocbrokerRpcClientFactory.java:362) ~[dfc.jar:?]
	at com.documentum.fc.client.impl.connection.docbroker.netwise.NetwiseDocbrokerRpcClientFactory.connect(NetwiseDocbrokerRpcClientFactory.java:125) ~[dfc.jar:?]
	at com.documentum.fc.client.impl.connection.docbroker.netwise.NetwiseDocbrokerRpcClientFactory.openSocket(NetwiseDocbrokerRpcClientFactory.java:105) ~[dfc.jar:?]
	at com.documentum.fc.client.impl.connection.docbroker.netwise.NetwiseDocbrokerRpcClientFactory.newDocbrokerRpcClient(NetwiseDocbrokerRpcClientFactory.java:40) ~[dfc.jar:?]
	at com.documentum.fc.client.impl.connection.docbroker.DocbrokerConnection.<init>(DocbrokerConnection.java:25) ~[dfc.jar:?]
	... 32 more
2026-02-03 15:44:39 WARN  RegistrationMgr:176 - [DFC_SECURITY_GR_PUBLICATION_FAILED] Publication of DFC instance with global registry failed
com.documentum.fc.common.DfException: [DFC_BOF_GLOBAL_REGISTRY_UNAVAILABLE] Unable to connect to the global registry no session
	at com.documentum.fc.client.security.impl.DfcIdentityPublisher.<init>(DfcIdentityPublisher.java:55) ~[dfc.jar:?]
	at com.documentum.fc.client.security.internal.RegistrationMgr.register(RegistrationMgr.java:34) [dfc.jar:?]
	at com.documentum.fc.impl.RuntimeContext.<clinit>(RuntimeContext.java:205) [dfc.jar:?]
	at com.documentum.fc.client.DfClient.<clinit>(DfClient.java:792) [dfc.jar:?]
	at com.nabard.digidak.migration.DocumentumSessionManager.initSessionManager(DocumentumSessionManager.java:35) [classes/:?]
	at com.nabard.digidak.migration.DigidakExportOperation.main(DigidakExportOperation.java:573) [classes/:?]
2026-02-03 15:44:39 INFO  DocumentumSessionManager:43 - Session Manager initialized for repository: NABARDUAT
2026-02-03 15:44:39 ERROR DigidakExportOperation:601 - Digidak Export operation failed
com.documentum.fc.client.DfDocbrokerException: [DFC_DOCBROKER_REQUEST_FAILED] Request to Docbroker "WSMUMUATCONT:1489" failed
	at com.documentum.fc.client.DfDocbrokerException.newRequestFailedException(DfDocbrokerException.java:13) ~[dfc.jar:?]
	at com.documentum.fc.client.impl.connection.docbroker.DocbrokerConnection.<init>(DocbrokerConnection.java:30) ~[dfc.jar:?]
	at com.documentum.fc.client.impl.connection.docbroker.DocbrokerConnectionFactory.newDocbrokerConnection(DocbrokerConnectionFactory.java:27) ~[dfc.jar:?]
	at com.documentum.fc.client.impl.docbroker.MapBuilder.issueRequest(MapBuilder.java:27) ~[dfc.jar:?]
	at com.documentum.fc.client.impl.docbroker.ServerMapBuilder.getDataFromDocbroker(ServerMapBuilder.java:169) ~[dfc.jar:?]
	at com.documentum.fc.client.impl.docbroker.ServerMapBuilder.getMap(ServerMapBuilder.java:61) ~[dfc.jar:?]
	at com.documentum.fc.client.impl.docbroker.DocbrokerClient.getServerMap(DocbrokerClient.java:152) ~[dfc.jar:?]
	at com.documentum.fc.client.impl.connection.docbase.ServerChoiceManager.updateServerChoices(ServerChoiceManager.java:159) ~[dfc.jar:?]
	at com.documentum.fc.client.impl.connection.docbase.ServerChoiceManager.updateServerChoicesIfNecessary(ServerChoiceManager.java:148) ~[dfc.jar:?]
	at com.documentum.fc.client.impl.connection.docbase.ServerChoiceManager.getServerChoices(ServerChoiceManager.java:47) ~[dfc.jar:?]
	at com.documentum.fc.client.impl.connection.docbase.DocbaseConnection.getServerChoices(DocbaseConnection.java:285) ~[dfc.jar:?]
	at com.documentum.fc.client.impl.connection.docbase.DocbaseConnection.establishNewRpcClient(DocbaseConnection.java:239) ~[dfc.jar:?]
	at com.documentum.fc.client.impl.connection.docbase.DocbaseConnection.open(DocbaseConnection.java:138) ~[dfc.jar:?]
	at com.documentum.fc.client.impl.connection.docbase.DocbaseConnection.<init>(DocbaseConnection.java:112) ~[dfc.jar:?]
	at com.documentum.fc.client.impl.connection.docbase.DocbaseConnection.<init>(DocbaseConnection.java:72) ~[dfc.jar:?]
	at com.documentum.fc.client.impl.connection.docbase.DocbaseConnectionFactory.newDocbaseConnection(DocbaseConnectionFactory.java:32) ~[dfc.jar:?]
	at com.documentum.fc.client.impl.connection.docbase.DocbaseConnectionManager.createNewConnection(DocbaseConnectionManager.java:202) ~[dfc.jar:?]
	at com.documentum.fc.client.impl.connection.docbase.DocbaseConnectionManager.getDocbaseConnection(DocbaseConnectionManager.java:132) ~[dfc.jar:?]
	at com.documentum.fc.client.impl.session.SessionFactory.newSession(SessionFactory.java:24) ~[dfc.jar:?]
	at com.documentum.fc.client.impl.session.PrincipalAwareSessionFactory.newSession(PrincipalAwareSessionFactory.java:44) ~[dfc.jar:?]
	at com.documentum.fc.client.impl.session.PooledSessionFactory.newSession(PooledSessionFactory.java:49) ~[dfc.jar:?]
	at com.documentum.fc.client.impl.session.SessionManager.getSessionFromFactory(SessionManager.java:106) ~[dfc.jar:?]
	at com.documentum.fc.client.impl.session.SessionManager.newSession(SessionManager.java:281) ~[dfc.jar:?]
	at com.documentum.fc.client.impl.session.SessionManager.newSession(SessionManager.java:68) ~[dfc.jar:?]
	at com.documentum.fc.client.impl.session.SessionManager.getSession(SessionManager.java:190) ~[dfc.jar:?]
	at com.nabard.digidak.migration.DocumentumSessionManager.getSession(DocumentumSessionManager.java:58) ~[classes/:?]
	at com.nabard.digidak.migration.DigidakExportOperation.main(DigidakExportOperation.java:576) [classes/:?]
Caused by: com.documentum.fc.client.DfIOException: [DM_SESSION_E_RPC_ERROR]error:  "Server communication failure"
	at com.documentum.fc.client.DfIOException.newCommunicationFailureException(DfIOException.java:16) ~[dfc.jar:?]
	at com.documentum.fc.client.impl.connection.docbroker.netwise.NetwiseDocbrokerRpcClientFactory.newDocbrokerRpcClient(NetwiseDocbrokerRpcClientFactory.java:44) ~[dfc.jar:?]
	at com.documentum.fc.client.impl.connection.docbroker.DocbrokerConnection.<init>(DocbrokerConnection.java:25) ~[dfc.jar:?]
	... 25 more
Caused by: java.io.IOException: WSMUMUATCONT
	at com.documentum.fc.client.impl.connection.docbroker.netwise.NetwiseDocbrokerRpcClientFactory.resolveHostNameCorrectly(NetwiseDocbrokerRpcClientFactory.java:362) ~[dfc.jar:?]
	at com.documentum.fc.client.impl.connection.docbroker.netwise.NetwiseDocbrokerRpcClientFactory.connect(NetwiseDocbrokerRpcClientFactory.java:125) ~[dfc.jar:?]
	at com.documentum.fc.client.impl.connection.docbroker.netwise.NetwiseDocbrokerRpcClientFactory.openSocket(NetwiseDocbrokerRpcClientFactory.java:105) ~[dfc.jar:?]
	at com.documentum.fc.client.impl.connection.docbroker.netwise.NetwiseDocbrokerRpcClientFactory.newDocbrokerRpcClient(NetwiseDocbrokerRpcClientFactory.java:40) ~[dfc.jar:?]
	at com.documentum.fc.client.impl.connection.docbroker.DocbrokerConnection.<init>(DocbrokerConnection.java:25) ~[dfc.jar:?]
	... 25 more
